we are running from this directory: /cluster/home/olesto/code/LargeScaleNeRFPytorch
 the name of the job is: LargeScaleNeRFPytorch Run
The job ID is 13047398
The job was run on these nodes: idun-06-01
Number of nodes: 1
We are using 1 cores
We are using 1 cores per node
Total of 1 cores

     active environment : base
    active env location : /cluster/apps/eb/software/Anaconda3/2020.07
            shell level : 1
       user config file : /cluster/home/olesto/.condarc
 populated config files : 
          conda version : 4.8.3
    conda-build version : 3.18.11
         python version : 3.8.3.final.0
       virtual packages : __cuda=11.6
                          __glibc=2.28
       base environment : /cluster/apps/eb/software/Anaconda3/2020.07  (read only)
           channel URLs : https://repo.anaconda.com/pkgs/main/linux-64
                          https://repo.anaconda.com/pkgs/main/noarch
                          https://repo.anaconda.com/pkgs/r/linux-64
                          https://repo.anaconda.com/pkgs/r/noarch
          package cache : /cluster/apps/eb/software/Anaconda3/2020.07/pkgs
                          /cluster/home/olesto/.conda/pkgs
       envs directories : /cluster/home/olesto/.conda/envs
                          /cluster/apps/eb/software/Anaconda3/2020.07/envs
               platform : linux-64
             user-agent : conda/4.8.3 requests/2.24.0 CPython/3.8.3 Linux/4.18.0-348.el8.0.2.x86_64 rocky/8.5 glibc/2.28
                UID:GID : 1265179:13401
             netrc file : None
           offline mode : False


     active environment : /cluster/home/olesto/code/LargeScaleNeRFPytorch/block-nerf
    active env location : /cluster/home/olesto/code/LargeScaleNeRFPytorch/block-nerf
            shell level : 2
       user config file : /cluster/home/olesto/.condarc
 populated config files : 
          conda version : 4.8.3
    conda-build version : 3.18.11
         python version : 3.8.3.final.0
       virtual packages : __cuda=11.6
                          __glibc=2.28
       base environment : /cluster/apps/eb/software/Anaconda3/2020.07  (read only)
           channel URLs : https://repo.anaconda.com/pkgs/main/linux-64
                          https://repo.anaconda.com/pkgs/main/noarch
                          https://repo.anaconda.com/pkgs/r/linux-64
                          https://repo.anaconda.com/pkgs/r/noarch
          package cache : /cluster/apps/eb/software/Anaconda3/2020.07/pkgs
                          /cluster/home/olesto/.conda/pkgs
       envs directories : /cluster/home/olesto/.conda/envs
                          /cluster/apps/eb/software/Anaconda3/2020.07/envs
               platform : linux-64
             user-agent : conda/4.8.3 requests/2.24.0 CPython/3.8.3 Linux/4.18.0-348.el8.0.2.x86_64 rocky/8.5 glibc/2.28
                UID:GID : 1265179:13401
             netrc file : None
           offline mode : False

Defaulting to user installation because normal site-packages is not writeable
Requirement already satisfied: pip in /cluster/apps/eb/software/Python/3.8.6-GCCcore-10.2.0/lib/python3.8/site-packages/pip-20.2.3-py3.8.egg (20.2.3)
Collecting pip
  Using cached pip-22.3-py3-none-any.whl (2.1 MB)
Installing collected packages: pip
Successfully installed pip-22.3
Defaulting to user installation because normal site-packages is not writeable
Requirement already satisfied: numpy in /cluster/apps/eb/software/SciPy-bundle/2020.11-fosscuda-2020b/lib/python3.8/site-packages (from -r requirements.txt (line 1)) (1.19.4)
Requirement already satisfied: scipy in /cluster/apps/eb/software/SciPy-bundle/2020.11-fosscuda-2020b/lib/python3.8/site-packages (from -r requirements.txt (line 2)) (1.5.4)
Requirement already satisfied: tqdm in /cluster/home/olesto/.local/lib/python3.8/site-packages (from -r requirements.txt (line 3)) (4.64.1)
Requirement already satisfied: lpips in /cluster/home/olesto/.local/lib/python3.8/site-packages (from -r requirements.txt (line 4)) (0.1.4)
Requirement already satisfied: mmcv in /cluster/home/olesto/.local/lib/python3.8/site-packages (from -r requirements.txt (line 5)) (1.7.0)
Collecting imageio
  Using cached imageio-2.22.3-py3-none-any.whl (3.4 MB)
Requirement already satisfied: imageio-ffmpeg in /cluster/home/olesto/.local/lib/python3.8/site-packages (from -r requirements.txt (line 7)) (0.4.7)
Requirement already satisfied: opencv-python in /cluster/home/olesto/.local/lib/python3.8/site-packages (from -r requirements.txt (line 8)) (4.6.0.66)
Requirement already satisfied: torch_efficient_distloss in /cluster/home/olesto/.local/lib/python3.8/site-packages (from -r requirements.txt (line 9)) (0.1.3)
Collecting scikit-image
  Using cached scikit_image-0.19.3-cp38-cp38-manylinux_2_17_x86_64.manylinux2014_x86_64.whl (14.0 MB)
Requirement already satisfied: ninja in /cluster/home/olesto/.local/lib/python3.8/site-packages (from -r requirements.txt (line 11)) (1.10.2.4)
Requirement already satisfied: einops in /cluster/home/olesto/.local/lib/python3.8/site-packages (from -r requirements.txt (line 12)) (0.5.0)
Requirement already satisfied: parscript in /cluster/home/olesto/.local/lib/python3.8/site-packages (from -r requirements.txt (line 13)) (0.0.3)
Requirement already satisfied: pyarrow==8.0.0 in /cluster/home/olesto/.local/lib/python3.8/site-packages (from -r requirements.txt (line 14)) (8.0.0)
Requirement already satisfied: open3d in /cluster/home/olesto/.local/lib/python3.8/site-packages (from -r requirements.txt (line 15)) (0.16.0)
Collecting matplotlib
  Downloading matplotlib-3.6.2-cp38-cp38-manylinux_2_12_x86_64.manylinux2010_x86_64.whl (9.4 MB)
     ━━━━━━━━━━━━━━━━━━━━━━━━━━━━━━━━━━━━━━━━ 9.4/9.4 MB 50.0 MB/s eta 0:00:00
Requirement already satisfied: configargparse in /cluster/home/olesto/.local/lib/python3.8/site-packages (from -r requirements.txt (line 17)) (1.5.3)
Requirement already satisfied: mdutils in /cluster/home/olesto/.local/lib/python3.8/site-packages (from -r requirements.txt (line 18)) (1.4.0)
Collecting openpyxl
  Using cached openpyxl-3.0.10-py2.py3-none-any.whl (242 kB)
Requirement already satisfied: kornia in /cluster/home/olesto/.local/lib/python3.8/site-packages (from -r requirements.txt (line 20)) (0.6.8)
Requirement already satisfied: torch_optimizer in /cluster/home/olesto/.local/lib/python3.8/site-packages (from -r requirements.txt (line 21)) (0.3.0)
Requirement already satisfied: test-tube in /cluster/home/olesto/.local/lib/python3.8/site-packages (from -r requirements.txt (line 22)) (0.7.5)
Requirement already satisfied: gdown in /cluster/home/olesto/.local/lib/python3.8/site-packages (from -r requirements.txt (line 23)) (4.5.3)
Requirement already satisfied: pytorch_lightning in /cluster/home/olesto/.local/lib/python3.8/site-packages (from -r requirements.txt (line 24)) (1.8.0.post1)
Requirement already satisfied: torch>=0.4.0 in /cluster/apps/eb/software/PyTorch/1.7.1-fosscuda-2020b/lib/python3.8/site-packages (from lpips->-r requirements.txt (line 4)) (1.7.1)
Requirement already satisfied: torchvision>=0.2.1 in /cluster/apps/eb/software/torchvision/0.8.2-fosscuda-2020b-PyTorch-1.7.1/lib/python3.8/site-packages (from lpips->-r requirements.txt (line 4)) (0.8.0a0)
Requirement already satisfied: addict in /cluster/home/olesto/.local/lib/python3.8/site-packages (from mmcv->-r requirements.txt (line 5)) (2.4.0)
Requirement already satisfied: pyyaml in /cluster/home/olesto/.local/lib/python3.8/site-packages (from mmcv->-r requirements.txt (line 5)) (6.0)
Requirement already satisfied: Pillow in /cluster/apps/eb/software/Pillow/8.0.1-GCCcore-10.2.0/lib/python3.8/site-packages (from mmcv->-r requirements.txt (line 5)) (8.0.1)
Collecting yapf
  Using cached yapf-0.32.0-py2.py3-none-any.whl (190 kB)
Requirement already satisfied: packaging in /cluster/apps/eb/software/Python/3.8.6-GCCcore-10.2.0/lib/python3.8/site-packages (from mmcv->-r requirements.txt (line 5)) (20.4)
Collecting Pillow
  Using cached Pillow-9.3.0-cp38-cp38-manylinux_2_28_x86_64.whl (3.3 MB)
Collecting networkx>=2.2
  Using cached networkx-2.8.8-py3-none-any.whl (2.0 MB)
Collecting tifffile>=2019.7.26
  Using cached tifffile-2022.10.10-py3-none-any.whl (210 kB)
Collecting PyWavelets>=1.1.1
  Using cached PyWavelets-1.4.1-cp38-cp38-manylinux_2_17_x86_64.manylinux2014_x86_64.whl (6.9 MB)
Requirement already satisfied: portalocker in /cluster/home/olesto/.local/lib/python3.8/site-packages (from parscript->-r requirements.txt (line 13)) (2.6.0)
Requirement already satisfied: dash>=2.6.0 in /cluster/home/olesto/.local/lib/python3.8/site-packages (from open3d->-r requirements.txt (line 15)) (2.7.0)
Collecting scikit-learn>=0.21
  Using cached scikit_learn-1.1.3-cp38-cp38-manylinux_2_17_x86_64.manylinux2014_x86_64.whl (31.2 MB)
Requirement already satisfied: ipywidgets>=7.6.0 in /cluster/home/olesto/.local/lib/python3.8/site-packages (from open3d->-r requirements.txt (line 15)) (8.0.2)
Requirement already satisfied: pyquaternion in /cluster/home/olesto/.local/lib/python3.8/site-packages (from open3d->-r requirements.txt (line 15)) (0.9.9)
Requirement already satisfied: nbformat==5.5.0 in /cluster/home/olesto/.local/lib/python3.8/site-packages (from open3d->-r requirements.txt (line 15)) (5.5.0)
Requirement already satisfied: pandas>=1.0 in /cluster/apps/eb/software/SciPy-bundle/2020.11-fosscuda-2020b/lib/python3.8/site-packages (from open3d->-r requirements.txt (line 15)) (1.1.4)
Requirement already satisfied: fastjsonschema in /cluster/home/olesto/.local/lib/python3.8/site-packages (from nbformat==5.5.0->open3d->-r requirements.txt (line 15)) (2.16.2)
Collecting jupyter_core
  Using cached jupyter_core-4.11.2-py3-none-any.whl (88 kB)
Requirement already satisfied: traitlets>=5.1 in /cluster/home/olesto/.local/lib/python3.8/site-packages (from nbformat==5.5.0->open3d->-r requirements.txt (line 15)) (5.5.0)
Requirement already satisfied: jsonschema>=2.6 in /cluster/apps/eb/software/Python/3.8.6-GCCcore-10.2.0/lib/python3.8/site-packages (from nbformat==5.5.0->open3d->-r requirements.txt (line 15)) (3.2.0)
Requirement already satisfied: pyparsing>=2.2.1 in /cluster/apps/eb/software/Python/3.8.6-GCCcore-10.2.0/lib/python3.8/site-packages (from matplotlib->-r requirements.txt (line 16)) (2.4.7)
Collecting cycler>=0.10
  Using cached cycler-0.11.0-py3-none-any.whl (6.4 kB)
Collecting contourpy>=1.0.1
  Downloading contourpy-1.0.6-cp38-cp38-manylinux_2_17_x86_64.manylinux2014_x86_64.whl (295 kB)
     ━━━━━━━━━━━━━━━━━━━━━━━━━━━━━━━━━━━━━━ 296.0/296.0 kB 15.9 MB/s eta 0:00:00
Collecting kiwisolver>=1.0.1
  Using cached kiwisolver-1.4.4-cp38-cp38-manylinux_2_5_x86_64.manylinux1_x86_64.whl (1.2 MB)
Requirement already satisfied: python-dateutil>=2.7 in /cluster/apps/eb/software/Python/3.8.6-GCCcore-10.2.0/lib/python3.8/site-packages (from matplotlib->-r requirements.txt (line 16)) (2.8.1)
Collecting fonttools>=4.22.0
  Using cached fonttools-4.38.0-py3-none-any.whl (965 kB)
Collecting et-xmlfile
  Using cached et_xmlfile-1.1.0-py3-none-any.whl (4.7 kB)
Collecting torch>=0.4.0
  Using cached torch-1.13.0-cp38-cp38-manylinux1_x86_64.whl (890.2 MB)
Requirement already satisfied: pytorch-ranger>=0.1.1 in /cluster/home/olesto/.local/lib/python3.8/site-packages (from torch_optimizer->-r requirements.txt (line 21)) (0.1.1)
Requirement already satisfied: future in /cluster/apps/eb/software/Python/3.8.6-GCCcore-10.2.0/lib/python3.8/site-packages (from test-tube->-r requirements.txt (line 22)) (0.18.2)
Requirement already satisfied: tensorboard>=1.15.0 in /cluster/home/olesto/.local/lib/python3.8/site-packages (from test-tube->-r requirements.txt (line 22)) (2.10.1)
Requirement already satisfied: filelock in /cluster/apps/eb/software/Python/3.8.6-GCCcore-10.2.0/lib/python3.8/site-packages (from gdown->-r requirements.txt (line 23)) (3.0.12)
Requirement already satisfied: six in /cluster/apps/eb/software/Python/3.8.6-GCCcore-10.2.0/lib/python3.8/site-packages (from gdown->-r requirements.txt (line 23)) (1.15.0)
Collecting beautifulsoup4
  Using cached beautifulsoup4-4.11.1-py3-none-any.whl (128 kB)
Requirement already satisfied: requests[socks] in /cluster/apps/eb/software/Python/3.8.6-GCCcore-10.2.0/lib/python3.8/site-packages (from gdown->-r requirements.txt (line 23)) (2.24.0)
Requirement already satisfied: torchmetrics>=0.7.0 in /cluster/home/olesto/.local/lib/python3.8/site-packages (from pytorch_lightning->-r requirements.txt (line 24)) (0.10.2)
Requirement already satisfied: lightning-lite==1.8.0.post1 in /cluster/home/olesto/.local/lib/python3.8/site-packages (from pytorch_lightning->-r requirements.txt (line 24)) (1.8.0.post1)
Requirement already satisfied: fsspec[http]>2021.06.0 in /cluster/home/olesto/.local/lib/python3.8/site-packages (from pytorch_lightning->-r requirements.txt (line 24)) (2022.10.0)
Collecting typing-extensions>=4.0.0
  Using cached typing_extensions-4.4.0-py3-none-any.whl (26 kB)
Requirement already satisfied: lightning-utilities==0.3.* in /cluster/home/olesto/.local/lib/python3.8/site-packages (from pytorch_lightning->-r requirements.txt (line 24)) (0.3.0)
Collecting fire
  Using cached fire-0.4.0.tar.gz (87 kB)
  Preparing metadata (setup.py): started
  Preparing metadata (setup.py): finished with status 'done'
Collecting Flask>=1.0.4
  Using cached Flask-2.2.2-py3-none-any.whl (101 kB)
Requirement already satisfied: dash-table==5.0.0 in /cluster/home/olesto/.local/lib/python3.8/site-packages (from dash>=2.6.0->open3d->-r requirements.txt (line 15)) (5.0.0)
Requirement already satisfied: dash-html-components==2.0.0 in /cluster/home/olesto/.local/lib/python3.8/site-packages (from dash>=2.6.0->open3d->-r requirements.txt (line 15)) (2.0.0)
Requirement already satisfied: plotly>=5.0.0 in /cluster/home/olesto/.local/lib/python3.8/site-packages (from dash>=2.6.0->open3d->-r requirements.txt (line 15)) (5.11.0)
Requirement already satisfied: dash-core-components==2.0.0 in /cluster/home/olesto/.local/lib/python3.8/site-packages (from dash>=2.6.0->open3d->-r requirements.txt (line 15)) (2.0.0)
Requirement already satisfied: aiohttp!=4.0.0a0,!=4.0.0a1 in /cluster/home/olesto/.local/lib/python3.8/site-packages (from fsspec[http]>2021.06.0->pytorch_lightning->-r requirements.txt (line 24)) (3.8.3)
Requirement already satisfied: jupyterlab-widgets~=3.0 in /cluster/home/olesto/.local/lib/python3.8/site-packages (from ipywidgets>=7.6.0->open3d->-r requirements.txt (line 15)) (3.0.3)
Collecting ipython>=6.1.0
  Using cached ipython-8.6.0-py3-none-any.whl (761 kB)
Collecting ipykernel>=4.5.1
  Using cached ipykernel-6.17.0-py3-none-any.whl (138 kB)
Requirement already satisfied: widgetsnbextension~=4.0 in /cluster/home/olesto/.local/lib/python3.8/site-packages (from ipywidgets>=7.6.0->open3d->-r requirements.txt (line 15)) (4.0.3)
Requirement already satisfied: pytz>=2017.2 in /cluster/apps/eb/software/Python/3.8.6-GCCcore-10.2.0/lib/python3.8/site-packages (from pandas>=1.0->open3d->-r requirements.txt (line 15)) (2020.1)
Requirement already satisfied: threadpoolctl>=2.0.0 in /cluster/apps/eb/software/Python/3.8.6-GCCcore-10.2.0/lib/python3.8/site-packages (from scikit-learn>=0.21->open3d->-r requirements.txt (line 15)) (2.1.0)
Collecting joblib>=1.0.0
  Using cached joblib-1.2.0-py3-none-any.whl (297 kB)
Requirement already satisfied: grpcio>=1.24.3 in /cluster/home/olesto/.local/lib/python3.8/site-packages (from tensorboard>=1.15.0->test-tube->-r requirements.txt (line 22)) (1.50.0)
Requirement already satisfied: wheel>=0.26 in /cluster/apps/eb/software/Python/3.8.6-GCCcore-10.2.0/lib/python3.8/site-packages (from tensorboard>=1.15.0->test-tube->-r requirements.txt (line 22)) (0.35.1)
Requirement already satisfied: tensorboard-plugin-wit>=1.6.0 in /cluster/home/olesto/.local/lib/python3.8/site-packages (from tensorboard>=1.15.0->test-tube->-r requirements.txt (line 22)) (1.8.1)
Collecting werkzeug>=1.0.1
  Using cached Werkzeug-2.2.2-py3-none-any.whl (232 kB)
Requirement already satisfied: setuptools>=41.0.0 in /cluster/apps/eb/software/Python/3.8.6-GCCcore-10.2.0/lib/python3.8/site-packages (from tensorboard>=1.15.0->test-tube->-r requirements.txt (line 22)) (50.3.0)
Requirement already satisfied: tensorboard-data-server<0.7.0,>=0.6.0 in /cluster/home/olesto/.local/lib/python3.8/site-packages (from tensorboard>=1.15.0->test-tube->-r requirements.txt (line 22)) (0.6.1)
Requirement already satisfied: absl-py>=0.4 in /cluster/home/olesto/.local/lib/python3.8/site-packages (from tensorboard>=1.15.0->test-tube->-r requirements.txt (line 22)) (1.3.0)
Requirement already satisfied: protobuf<3.20,>=3.9.2 in /cluster/apps/eb/software/protobuf-python/3.14.0-GCCcore-10.2.0/lib/python3.8/site-packages (from tensorboard>=1.15.0->test-tube->-r requirements.txt (line 22)) (3.14.0)
Requirement already satisfied: google-auth<3,>=1.6.3 in /cluster/home/olesto/.local/lib/python3.8/site-packages (from tensorboard>=1.15.0->test-tube->-r requirements.txt (line 22)) (2.13.0)
Requirement already satisfied: google-auth-oauthlib<0.5,>=0.4.1 in /cluster/home/olesto/.local/lib/python3.8/site-packages (from tensorboard>=1.15.0->test-tube->-r requirements.txt (line 22)) (0.4.6)
Requirement already satisfied: markdown>=2.6.8 in /cluster/home/olesto/.local/lib/python3.8/site-packages (from tensorboard>=1.15.0->test-tube->-r requirements.txt (line 22)) (3.4.1)
Requirement already satisfied: nvidia-cublas-cu11==11.10.3.66 in /cluster/home/olesto/.local/lib/python3.8/site-packages (from torch>=0.4.0->lpips->-r requirements.txt (line 4)) (11.10.3.66)
Requirement already satisfied: nvidia-cudnn-cu11==8.5.0.96 in /cluster/home/olesto/.local/lib/python3.8/site-packages (from torch>=0.4.0->lpips->-r requirements.txt (line 4)) (8.5.0.96)
Requirement already satisfied: nvidia-cuda-runtime-cu11==11.7.99 in /cluster/home/olesto/.local/lib/python3.8/site-packages (from torch>=0.4.0->lpips->-r requirements.txt (line 4)) (11.7.99)
Requirement already satisfied: nvidia-cuda-nvrtc-cu11==11.7.99 in /cluster/home/olesto/.local/lib/python3.8/site-packages (from torch>=0.4.0->lpips->-r requirements.txt (line 4)) (11.7.99)
Collecting soupsieve>1.2
  Using cached soupsieve-2.3.2.post1-py3-none-any.whl (37 kB)
Requirement already satisfied: urllib3!=1.25.0,!=1.25.1,<1.26,>=1.21.1 in /cluster/apps/eb/software/Python/3.8.6-GCCcore-10.2.0/lib/python3.8/site-packages (from requests[socks]->gdown->-r requirements.txt (line 23)) (1.25.10)
Requirement already satisfied: certifi>=2017.4.17 in /cluster/apps/eb/software/Python/3.8.6-GCCcore-10.2.0/lib/python3.8/site-packages (from requests[socks]->gdown->-r requirements.txt (line 23)) (2020.6.20)
Requirement already satisfied: idna<3,>=2.5 in /cluster/apps/eb/software/Python/3.8.6-GCCcore-10.2.0/lib/python3.8/site-packages (from requests[socks]->gdown->-r requirements.txt (line 23)) (2.10)
Requirement already satisfied: chardet<4,>=3.0.2 in /cluster/apps/eb/software/Python/3.8.6-GCCcore-10.2.0/lib/python3.8/site-packages (from requests[socks]->gdown->-r requirements.txt (line 23)) (3.0.4)
Collecting PySocks!=1.5.7,>=1.5.6
  Using cached PySocks-1.7.1-py3-none-any.whl (16 kB)
Requirement already satisfied: frozenlist>=1.1.1 in /cluster/home/olesto/.local/lib/python3.8/site-packages (from aiohttp!=4.0.0a0,!=4.0.0a1->fsspec[http]>2021.06.0->pytorch_lightning->-r requirements.txt (line 24)) (1.3.1)
Requirement already satisfied: multidict<7.0,>=4.5 in /cluster/home/olesto/.local/lib/python3.8/site-packages (from aiohttp!=4.0.0a0,!=4.0.0a1->fsspec[http]>2021.06.0->pytorch_lightning->-r requirements.txt (line 24)) (6.0.2)
Requirement already satisfied: async-timeout<5.0,>=4.0.0a3 in /cluster/home/olesto/.local/lib/python3.8/site-packages (from aiohttp!=4.0.0a0,!=4.0.0a1->fsspec[http]>2021.06.0->pytorch_lightning->-r requirements.txt (line 24)) (4.0.2)
Requirement already satisfied: aiosignal>=1.1.2 in /cluster/home/olesto/.local/lib/python3.8/site-packages (from aiohttp!=4.0.0a0,!=4.0.0a1->fsspec[http]>2021.06.0->pytorch_lightning->-r requirements.txt (line 24)) (1.2.0)
Requirement already satisfied: attrs>=17.3.0 in /cluster/apps/eb/software/Python/3.8.6-GCCcore-10.2.0/lib/python3.8/site-packages (from aiohttp!=4.0.0a0,!=4.0.0a1->fsspec[http]>2021.06.0->pytorch_lightning->-r requirements.txt (line 24)) (20.2.0)
Requirement already satisfied: yarl<2.0,>=1.0 in /cluster/home/olesto/.local/lib/python3.8/site-packages (from aiohttp!=4.0.0a0,!=4.0.0a1->fsspec[http]>2021.06.0->pytorch_lightning->-r requirements.txt (line 24)) (1.8.1)
Requirement already satisfied: charset-normalizer<3.0,>=2.0 in /cluster/home/olesto/.local/lib/python3.8/site-packages (from aiohttp!=4.0.0a0,!=4.0.0a1->fsspec[http]>2021.06.0->pytorch_lightning->-r requirements.txt (line 24)) (2.1.1)
Requirement already satisfied: importlib-metadata>=3.6.0 in /cluster/home/olesto/.local/lib/python3.8/site-packages (from Flask>=1.0.4->dash>=2.6.0->open3d->-r requirements.txt (line 15)) (5.0.0)
Collecting click>=8.0
  Using cached click-8.1.3-py3-none-any.whl (96 kB)
Collecting itsdangerous>=2.0
  Using cached itsdangerous-2.1.2-py3-none-any.whl (15 kB)
Collecting Jinja2>=3.0
  Using cached Jinja2-3.1.2-py3-none-any.whl (133 kB)
Requirement already satisfied: pyasn1-modules>=0.2.1 in /cluster/home/olesto/.local/lib/python3.8/site-packages (from google-auth<3,>=1.6.3->tensorboard>=1.15.0->test-tube->-r requirements.txt (line 22)) (0.2.8)
Requirement already satisfied: rsa<5,>=3.1.4 in /cluster/home/olesto/.local/lib/python3.8/site-packages (from google-auth<3,>=1.6.3->tensorboard>=1.15.0->test-tube->-r requirements.txt (line 22)) (4.9)
Requirement already satisfied: cachetools<6.0,>=2.0.0 in /cluster/home/olesto/.local/lib/python3.8/site-packages (from google-auth<3,>=1.6.3->tensorboard>=1.15.0->test-tube->-r requirements.txt (line 22)) (5.2.0)
Requirement already satisfied: requests-oauthlib>=0.7.0 in /cluster/home/olesto/.local/lib/python3.8/site-packages (from google-auth-oauthlib<0.5,>=0.4.1->tensorboard>=1.15.0->test-tube->-r requirements.txt (line 22)) (1.3.1)
Collecting tornado>=6.1
  Using cached tornado-6.2-cp37-abi3-manylinux_2_5_x86_64.manylinux1_x86_64.manylinux_2_17_x86_64.manylinux2014_x86_64.whl (423 kB)
Collecting pyzmq>=17
  Using cached pyzmq-24.0.1-cp38-cp38-manylinux_2_12_x86_64.manylinux2010_x86_64.whl (1.1 MB)
Collecting debugpy>=1.0
  Using cached debugpy-1.6.3-cp38-cp38-manylinux_2_5_x86_64.manylinux1_x86_64.manylinux_2_12_x86_64.manylinux2010_x86_64.whl (1.8 MB)
Requirement already satisfied: psutil in /cluster/apps/eb/software/Python/3.8.6-GCCcore-10.2.0/lib/python3.8/site-packages (from ipykernel>=4.5.1->ipywidgets>=7.6.0->open3d->-r requirements.txt (line 15)) (5.7.2)
Collecting nest-asyncio
  Using cached nest_asyncio-1.5.6-py3-none-any.whl (5.2 kB)
Collecting matplotlib-inline>=0.1
  Using cached matplotlib_inline-0.1.6-py3-none-any.whl (9.4 kB)
Collecting jupyter-client>=6.1.12
  Using cached jupyter_client-7.4.4-py3-none-any.whl (132 kB)
Requirement already satisfied: decorator in /cluster/apps/eb/software/Python/3.8.6-GCCcore-10.2.0/lib/python3.8/site-packages (from ipython>=6.1.0->ipywidgets>=7.6.0->open3d->-r requirements.txt (line 15)) (4.4.2)
Collecting pickleshare
  Using cached pickleshare-0.7.5-py2.py3-none-any.whl (6.9 kB)
Collecting backcall
  Using cached backcall-0.2.0-py2.py3-none-any.whl (11 kB)
Requirement already satisfied: pexpect>4.3 in /cluster/apps/eb/software/Python/3.8.6-GCCcore-10.2.0/lib/python3.8/site-packages (from ipython>=6.1.0->ipywidgets>=7.6.0->open3d->-r requirements.txt (line 15)) (4.8.0)
Collecting prompt-toolkit<3.1.0,>3.0.1
  Using cached prompt_toolkit-3.0.32-py3-none-any.whl (382 kB)
Collecting stack-data
  Using cached stack_data-0.6.0-py3-none-any.whl (24 kB)
Requirement already satisfied: pygments>=2.4.0 in /cluster/apps/eb/software/Python/3.8.6-GCCcore-10.2.0/lib/python3.8/site-packages (from ipython>=6.1.0->ipywidgets>=7.6.0->open3d->-r requirements.txt (line 15)) (2.7.1)
Collecting jedi>=0.16
  Using cached jedi-0.18.1-py2.py3-none-any.whl (1.6 MB)
Requirement already satisfied: pyrsistent>=0.14.0 in /cluster/apps/eb/software/Python/3.8.6-GCCcore-10.2.0/lib/python3.8/site-packages (from jsonschema>=2.6->nbformat==5.5.0->open3d->-r requirements.txt (line 15)) (0.17.3)
Requirement already satisfied: tenacity>=6.2.0 in /cluster/home/olesto/.local/lib/python3.8/site-packages (from plotly>=5.0.0->dash>=2.6.0->open3d->-r requirements.txt (line 15)) (8.1.0)
Collecting MarkupSafe>=2.1.1
  Using cached MarkupSafe-2.1.1-cp38-cp38-manylinux_2_17_x86_64.manylinux2014_x86_64.whl (25 kB)
Collecting termcolor
  Using cached termcolor-2.1.0-py3-none-any.whl (5.8 kB)
Requirement already satisfied: zipp>=0.5 in /cluster/apps/eb/software/Python/3.8.6-GCCcore-10.2.0/lib/python3.8/site-packages (from importlib-metadata>=3.6.0->Flask>=1.0.4->dash>=2.6.0->open3d->-r requirements.txt (line 15)) (3.3.0)
Collecting parso<0.9.0,>=0.8.0
  Using cached parso-0.8.3-py2.py3-none-any.whl (100 kB)
Collecting entrypoints
  Using cached entrypoints-0.4-py3-none-any.whl (5.3 kB)
Collecting python-dateutil>=2.7
  Using cached python_dateutil-2.8.2-py2.py3-none-any.whl (247 kB)
Requirement already satisfied: ptyprocess>=0.5 in /cluster/apps/eb/software/Python/3.8.6-GCCcore-10.2.0/lib/python3.8/site-packages (from pexpect>4.3->ipython>=6.1.0->ipywidgets>=7.6.0->open3d->-r requirements.txt (line 15)) (0.6.0)
Requirement already satisfied: wcwidth in /cluster/apps/eb/software/Python/3.8.6-GCCcore-10.2.0/lib/python3.8/site-packages (from prompt-toolkit<3.1.0,>3.0.1->ipython>=6.1.0->ipywidgets>=7.6.0->open3d->-r requirements.txt (line 15)) (0.2.5)
Requirement already satisfied: pyasn1<0.5.0,>=0.4.6 in /cluster/home/olesto/.local/lib/python3.8/site-packages (from pyasn1-modules>=0.2.1->google-auth<3,>=1.6.3->tensorboard>=1.15.0->test-tube->-r requirements.txt (line 22)) (0.4.8)
Requirement already satisfied: oauthlib>=3.0.0 in /cluster/home/olesto/.local/lib/python3.8/site-packages (from requests-oauthlib>=0.7.0->google-auth-oauthlib<0.5,>=0.4.1->tensorboard>=1.15.0->test-tube->-r requirements.txt (line 22)) (3.2.2)
Collecting asttokens>=2.1.0
  Using cached asttokens-2.1.0-py2.py3-none-any.whl (26 kB)
Collecting pure-eval
  Using cached pure_eval-0.2.2-py3-none-any.whl (11 kB)
Collecting executing>=1.2.0
  Using cached executing-1.2.0-py2.py3-none-any.whl (24 kB)
Building wheels for collected packages: fire
  Building wheel for fire (setup.py): started
  Building wheel for fire (setup.py): finished with status 'done'
  Created wheel for fire: filename=fire-0.4.0-py2.py3-none-any.whl size=115928 sha256=46ca3d35abd9017d772b15e0ad7151623f2c9877133fe50c3f541898f8b23d00
  Stored in directory: /cluster/home/olesto/.cache/pip/wheels/61/05/8d/5951e074fe660f634ca0a3402fa9903d9f772014fdb0e593dd
Successfully built fire
Installing collected packages: yapf, pure-eval, pickleshare, executing, backcall, typing-extensions, tornado, tifffile, termcolor, soupsieve, pyzmq, PyWavelets, python-dateutil, PySocks, prompt-toolkit, Pillow, parso, networkx, nest-asyncio, matplotlib-inline, MarkupSafe, kiwisolver, jupyter_core, joblib, itsdangerous, fonttools, et-xmlfile, entrypoints, debugpy, cycler, contourpy, click, asttokens, werkzeug, stack-data, scikit-learn, openpyxl, matplotlib, jupyter-client, Jinja2, jedi, imageio, fire, beautifulsoup4, torch, scikit-image, ipython, Flask, ipykernel
ERROR: pip's dependency resolver does not currently take into account all the packages that are installed. This behaviour is the source of the following dependency conflicts.
tensorflow 2.10.0 requires h5py>=2.9.0, which is not installed.
tensorflow 2.10.0 requires wrapt>=1.11.0, which is not installed.
tensorflow 2.10.0 requires numpy>=1.20, but you have numpy 1.19.4 which is incompatible.
jax 0.3.23 requires numpy>=1.20, but you have numpy 1.19.4 which is incompatible.
Successfully installed Flask-2.2.2 Jinja2-3.1.2 MarkupSafe-2.1.1 Pillow-9.3.0 PySocks-1.7.1 PyWavelets-1.4.1 asttokens-2.1.0 backcall-0.2.0 beautifulsoup4-4.11.1 click-8.1.3 contourpy-1.0.6 cycler-0.11.0 debugpy-1.6.3 entrypoints-0.4 et-xmlfile-1.1.0 executing-1.2.0 fire-0.4.0 fonttools-4.38.0 imageio-2.22.3 ipykernel-6.17.0 ipython-8.6.0 itsdangerous-2.1.2 jedi-0.18.1 joblib-1.2.0 jupyter-client-7.4.4 jupyter_core-4.11.2 kiwisolver-1.4.4 matplotlib-3.6.2 matplotlib-inline-0.1.6 nest-asyncio-1.5.6 networkx-2.8.8 openpyxl-3.0.10 parso-0.8.3 pickleshare-0.7.5 prompt-toolkit-3.0.32 pure-eval-0.2.2 python-dateutil-2.8.2 pyzmq-24.0.1 scikit-image-0.19.3 scikit-learn-1.1.3 soupsieve-2.3.2.post1 stack-data-0.6.0 termcolor-2.1.0 tifffile-2022.10.10 torch-1.13.0 tornado-6.2 typing-extensions-4.4.0 werkzeug-2.2.2 yapf-0.32.0
Using /cluster/home/olesto/.cache/torch_extensions as PyTorch extensions root...
Detected CUDA files, patching ldflags
Emitting ninja build file /cluster/home/olesto/.cache/torch_extensions/adam_upd_cuda/build.ninja...
Building extension module adam_upd_cuda...
Allowing ninja to set a default number of workers... (overridable by setting the environment variable MAX_JOBS=N)
/cluster/home/olesto/.local/lib/python3.8/site-packages/mmcv/__init__.py:20: UserWarning: On January 1, 2023, MMCV will release v2.0.0, in which it will remove components related to the training process and add a data transformation module. In addition, it will rename the package names mmcv to mmcv-lite and mmcv-full to mmcv. See https://github.com/open-mmlab/mmcv/blob/master/docs/en/compatibility.md for more details.
  warnings.warn(
/cluster/apps/eb/software/PyTorch/1.7.1-fosscuda-2020b/lib/python3.8/site-packages/torch/utils/cpp_extension.py:266: UserWarning: 

                               !! WARNING !!

!!!!!!!!!!!!!!!!!!!!!!!!!!!!!!!!!!!!!!!!!!!!!!!!!!!!!!!!!!!!!!!!!!!!!!!!!!!!!!!
Your compiler (c++) is not compatible with the compiler Pytorch was
built with for this platform, which is g++ on linux. Please
use g++ to to compile your extension. Alternatively, you may
compile PyTorch from source using c++, and then you can also use
c++ to compile your extension.

See https://github.com/pytorch/pytorch/blob/master/CONTRIBUTING.md for help
with compiling PyTorch from source.
!!!!!!!!!!!!!!!!!!!!!!!!!!!!!!!!!!!!!!!!!!!!!!!!!!!!!!!!!!!!!!!!!!!!!!!!!!!!!!!

                              !! WARNING !!

  warnings.warn(WRONG_COMPILER_WARNING.format(
[1/3] c++ -MMD -MF adam_upd.o.d -DTORCH_EXTENSION_NAME=adam_upd_cuda -DTORCH_API_INCLUDE_EXTENSION_H -DPYBIND11_COMPILER_TYPE=\"_gcc\" -DPYBIND11_STDLIB=\"_libstdcpp\" -DPYBIND11_BUILD_ABI=\"_cxxabi1014\" -isystem /cluster/apps/eb/software/PyTorch/1.7.1-fosscuda-2020b/lib/python3.8/site-packages/torch/include -isystem /cluster/apps/eb/software/PyTorch/1.7.1-fosscuda-2020b/lib/python3.8/site-packages/torch/include/torch/csrc/api/include -isystem /cluster/apps/eb/software/PyTorch/1.7.1-fosscuda-2020b/lib/python3.8/site-packages/torch/include/TH -isystem /cluster/apps/eb/software/PyTorch/1.7.1-fosscuda-2020b/lib/python3.8/site-packages/torch/include/THC -isystem /cluster/apps/eb/software/CUDAcore/11.1.1/include -isystem /cluster/apps/eb/software/Python/3.8.6-GCCcore-10.2.0/include/python3.8 -D_GLIBCXX_USE_CXX11_ABI=1 -fPIC -std=c++14 -c /cluster/home/olesto/code/LargeScaleNeRFPytorch/lib/cuda/adam_upd.cpp -o adam_upd.o 
In file included from /cluster/apps/eb/software/PyTorch/1.7.1-fosscuda-2020b/lib/python3.8/site-packages/torch/include/c10/core/DeviceType.h:8,
                 from /cluster/apps/eb/software/PyTorch/1.7.1-fosscuda-2020b/lib/python3.8/site-packages/torch/include/c10/core/Device.h:3,
                 from /cluster/apps/eb/software/PyTorch/1.7.1-fosscuda-2020b/lib/python3.8/site-packages/torch/include/c10/core/Allocator.h:6,
                 from /cluster/apps/eb/software/PyTorch/1.7.1-fosscuda-2020b/lib/python3.8/site-packages/torch/include/ATen/ATen.h:7,
                 from /cluster/apps/eb/software/PyTorch/1.7.1-fosscuda-2020b/lib/python3.8/site-packages/torch/include/torch/csrc/api/include/torch/types.h:3,
                 from /cluster/apps/eb/software/PyTorch/1.7.1-fosscuda-2020b/lib/python3.8/site-packages/torch/include/torch/csrc/api/include/torch/data/dataloader_options.h:4,
                 from /cluster/apps/eb/software/PyTorch/1.7.1-fosscuda-2020b/lib/python3.8/site-packages/torch/include/torch/csrc/api/include/torch/data/dataloader/base.h:3,
                 from /cluster/apps/eb/software/PyTorch/1.7.1-fosscuda-2020b/lib/python3.8/site-packages/torch/include/torch/csrc/api/include/torch/data/dataloader/stateful.h:3,
                 from /cluster/apps/eb/software/PyTorch/1.7.1-fosscuda-2020b/lib/python3.8/site-packages/torch/include/torch/csrc/api/include/torch/data/dataloader.h:3,
                 from /cluster/apps/eb/software/PyTorch/1.7.1-fosscuda-2020b/lib/python3.8/site-packages/torch/include/torch/csrc/api/include/torch/data.h:3,
                 from /cluster/apps/eb/software/PyTorch/1.7.1-fosscuda-2020b/lib/python3.8/site-packages/torch/include/torch/csrc/api/include/torch/all.h:8,
                 from /cluster/apps/eb/software/PyTorch/1.7.1-fosscuda-2020b/lib/python3.8/site-packages/torch/include/torch/extension.h:4,
                 from /cluster/home/olesto/code/LargeScaleNeRFPytorch/lib/cuda/adam_upd.cpp:1:
/cluster/home/olesto/code/LargeScaleNeRFPytorch/lib/cuda/adam_upd.cpp: In function ‘void adam_upd(at::Tensor, at::Tensor, at::Tensor, at::Tensor, int, float, float, float, float)’:
/cluster/home/olesto/code/LargeScaleNeRFPytorch/lib/cuda/adam_upd.cpp:32:42: warning: ‘at::DeprecatedTypeProperties& at::Tensor::type() const’ is deprecated: Tensor.type() is deprecated. Instead use Tensor.options(), which in many cases (e.g. in a constructor) is a drop-in replacement. If you were using data from type(), that is now available from Tensor itself, so instead of tensor.type().scalar_type(), use tensor.scalar_type() instead and instead of tensor.type().backend() use tensor.device(). [-Wdeprecated-declarations]
   32 | #define CHECK_CUDA(x) TORCH_CHECK(x.type().is_cuda(), #x " must be a CUDA tensor")
      |                                          ^
/cluster/home/olesto/code/LargeScaleNeRFPytorch/lib/cuda/adam_upd.cpp:34:24: note: in expansion of macro ‘CHECK_CUDA’
   34 | #define CHECK_INPUT(x) CHECK_CUDA(x); CHECK_CONTIGUOUS(x)
      |                        ^~~~~~~~~~
/cluster/home/olesto/code/LargeScaleNeRFPytorch/lib/cuda/adam_upd.cpp:42:3: note: in expansion of macro ‘CHECK_INPUT’
   42 |   CHECK_INPUT(param);
      |   ^~~~~~~~~~~
In file included from /cluster/apps/eb/software/PyTorch/1.7.1-fosscuda-2020b/lib/python3.8/site-packages/torch/include/ATen/Tensor.h:3,
                 from /cluster/apps/eb/software/PyTorch/1.7.1-fosscuda-2020b/lib/python3.8/site-packages/torch/include/ATen/Context.h:4,
                 from /cluster/apps/eb/software/PyTorch/1.7.1-fosscuda-2020b/lib/python3.8/site-packages/torch/include/ATen/ATen.h:9,
                 from /cluster/apps/eb/software/PyTorch/1.7.1-fosscuda-2020b/lib/python3.8/site-packages/torch/include/torch/csrc/api/include/torch/types.h:3,
                 from /cluster/apps/eb/software/PyTorch/1.7.1-fosscuda-2020b/lib/python3.8/site-packages/torch/include/torch/csrc/api/include/torch/data/dataloader_options.h:4,
                 from /cluster/apps/eb/software/PyTorch/1.7.1-fosscuda-2020b/lib/python3.8/site-packages/torch/include/torch/csrc/api/include/torch/data/dataloader/base.h:3,
                 from /cluster/apps/eb/software/PyTorch/1.7.1-fosscuda-2020b/lib/python3.8/site-packages/torch/include/torch/csrc/api/include/torch/data/dataloader/stateful.h:3,
                 from /cluster/apps/eb/software/PyTorch/1.7.1-fosscuda-2020b/lib/python3.8/site-packages/torch/include/torch/csrc/api/include/torch/data/dataloader.h:3,
                 from /cluster/apps/eb/software/PyTorch/1.7.1-fosscuda-2020b/lib/python3.8/site-packages/torch/include/torch/csrc/api/include/torch/data.h:3,
                 from /cluster/apps/eb/software/PyTorch/1.7.1-fosscuda-2020b/lib/python3.8/site-packages/torch/include/torch/csrc/api/include/torch/all.h:8,
                 from /cluster/apps/eb/software/PyTorch/1.7.1-fosscuda-2020b/lib/python3.8/site-packages/torch/include/torch/extension.h:4,
                 from /cluster/home/olesto/code/LargeScaleNeRFPytorch/lib/cuda/adam_upd.cpp:1:
/cluster/apps/eb/software/PyTorch/1.7.1-fosscuda-2020b/lib/python3.8/site-packages/torch/include/ATen/core/TensorBody.h:277:30: note: declared here
  277 |   DeprecatedTypeProperties & type() const {
      |                              ^~~~
In file included from /cluster/apps/eb/software/PyTorch/1.7.1-fosscuda-2020b/lib/python3.8/site-packages/torch/include/c10/core/DeviceType.h:8,
                 from /cluster/apps/eb/software/PyTorch/1.7.1-fosscuda-2020b/lib/python3.8/site-packages/torch/include/c10/core/Device.h:3,
                 from /cluster/apps/eb/software/PyTorch/1.7.1-fosscuda-2020b/lib/python3.8/site-packages/torch/include/c10/core/Allocator.h:6,
                 from /cluster/apps/eb/software/PyTorch/1.7.1-fosscuda-2020b/lib/python3.8/site-packages/torch/include/ATen/ATen.h:7,
                 from /cluster/apps/eb/software/PyTorch/1.7.1-fosscuda-2020b/lib/python3.8/site-packages/torch/include/torch/csrc/api/include/torch/types.h:3,
                 from /cluster/apps/eb/software/PyTorch/1.7.1-fosscuda-2020b/lib/python3.8/site-packages/torch/include/torch/csrc/api/include/torch/data/dataloader_options.h:4,
                 from /cluster/apps/eb/software/PyTorch/1.7.1-fosscuda-2020b/lib/python3.8/site-packages/torch/include/torch/csrc/api/include/torch/data/dataloader/base.h:3,
                 from /cluster/apps/eb/software/PyTorch/1.7.1-fosscuda-2020b/lib/python3.8/site-packages/torch/include/torch/csrc/api/include/torch/data/dataloader/stateful.h:3,
                 from /cluster/apps/eb/software/PyTorch/1.7.1-fosscuda-2020b/lib/python3.8/site-packages/torch/include/torch/csrc/api/include/torch/data/dataloader.h:3,
                 from /cluster/apps/eb/software/PyTorch/1.7.1-fosscuda-2020b/lib/python3.8/site-packages/torch/include/torch/csrc/api/include/torch/data.h:3,
                 from /cluster/apps/eb/software/PyTorch/1.7.1-fosscuda-2020b/lib/python3.8/site-packages/torch/include/torch/csrc/api/include/torch/all.h:8,
                 from /cluster/apps/eb/software/PyTorch/1.7.1-fosscuda-2020b/lib/python3.8/site-packages/torch/include/torch/extension.h:4,
                 from /cluster/home/olesto/code/LargeScaleNeRFPytorch/lib/cuda/adam_upd.cpp:1:
/cluster/home/olesto/code/LargeScaleNeRFPytorch/lib/cuda/adam_upd.cpp:32:42: warning: ‘at::DeprecatedTypeProperties& at::Tensor::type() const’ is deprecated: Tensor.type() is deprecated. Instead use Tensor.options(), which in many cases (e.g. in a constructor) is a drop-in replacement. If you were using data from type(), that is now available from Tensor itself, so instead of tensor.type().scalar_type(), use tensor.scalar_type() instead and instead of tensor.type().backend() use tensor.device(). [-Wdeprecated-declarations]
   32 | #define CHECK_CUDA(x) TORCH_CHECK(x.type().is_cuda(), #x " must be a CUDA tensor")
      |                                          ^
/cluster/home/olesto/code/LargeScaleNeRFPytorch/lib/cuda/adam_upd.cpp:34:24: note: in expansion of macro ‘CHECK_CUDA’
   34 | #define CHECK_INPUT(x) CHECK_CUDA(x); CHECK_CONTIGUOUS(x)
      |                        ^~~~~~~~~~
/cluster/home/olesto/code/LargeScaleNeRFPytorch/lib/cuda/adam_upd.cpp:43:3: note: in expansion of macro ‘CHECK_INPUT’
   43 |   CHECK_INPUT(grad);
      |   ^~~~~~~~~~~
In file included from /cluster/apps/eb/software/PyTorch/1.7.1-fosscuda-2020b/lib/python3.8/site-packages/torch/include/ATen/Tensor.h:3,
                 from /cluster/apps/eb/software/PyTorch/1.7.1-fosscuda-2020b/lib/python3.8/site-packages/torch/include/ATen/Context.h:4,
                 from /cluster/apps/eb/software/PyTorch/1.7.1-fosscuda-2020b/lib/python3.8/site-packages/torch/include/ATen/ATen.h:9,
                 from /cluster/apps/eb/software/PyTorch/1.7.1-fosscuda-2020b/lib/python3.8/site-packages/torch/include/torch/csrc/api/include/torch/types.h:3,
                 from /cluster/apps/eb/software/PyTorch/1.7.1-fosscuda-2020b/lib/python3.8/site-packages/torch/include/torch/csrc/api/include/torch/data/dataloader_options.h:4,
                 from /cluster/apps/eb/software/PyTorch/1.7.1-fosscuda-2020b/lib/python3.8/site-packages/torch/include/torch/csrc/api/include/torch/data/dataloader/base.h:3,
                 from /cluster/apps/eb/software/PyTorch/1.7.1-fosscuda-2020b/lib/python3.8/site-packages/torch/include/torch/csrc/api/include/torch/data/dataloader/stateful.h:3,
                 from /cluster/apps/eb/software/PyTorch/1.7.1-fosscuda-2020b/lib/python3.8/site-packages/torch/include/torch/csrc/api/include/torch/data/dataloader.h:3,
                 from /cluster/apps/eb/software/PyTorch/1.7.1-fosscuda-2020b/lib/python3.8/site-packages/torch/include/torch/csrc/api/include/torch/data.h:3,
                 from /cluster/apps/eb/software/PyTorch/1.7.1-fosscuda-2020b/lib/python3.8/site-packages/torch/include/torch/csrc/api/include/torch/all.h:8,
                 from /cluster/apps/eb/software/PyTorch/1.7.1-fosscuda-2020b/lib/python3.8/site-packages/torch/include/torch/extension.h:4,
                 from /cluster/home/olesto/code/LargeScaleNeRFPytorch/lib/cuda/adam_upd.cpp:1:
/cluster/apps/eb/software/PyTorch/1.7.1-fosscuda-2020b/lib/python3.8/site-packages/torch/include/ATen/core/TensorBody.h:277:30: note: declared here
  277 |   DeprecatedTypeProperties & type() const {
      |                              ^~~~
In file included from /cluster/apps/eb/software/PyTorch/1.7.1-fosscuda-2020b/lib/python3.8/site-packages/torch/include/c10/core/DeviceType.h:8,
                 from /cluster/apps/eb/software/PyTorch/1.7.1-fosscuda-2020b/lib/python3.8/site-packages/torch/include/c10/core/Device.h:3,
                 from /cluster/apps/eb/software/PyTorch/1.7.1-fosscuda-2020b/lib/python3.8/site-packages/torch/include/c10/core/Allocator.h:6,
                 from /cluster/apps/eb/software/PyTorch/1.7.1-fosscuda-2020b/lib/python3.8/site-packages/torch/include/ATen/ATen.h:7,
                 from /cluster/apps/eb/software/PyTorch/1.7.1-fosscuda-2020b/lib/python3.8/site-packages/torch/include/torch/csrc/api/include/torch/types.h:3,
                 from /cluster/apps/eb/software/PyTorch/1.7.1-fosscuda-2020b/lib/python3.8/site-packages/torch/include/torch/csrc/api/include/torch/data/dataloader_options.h:4,
                 from /cluster/apps/eb/software/PyTorch/1.7.1-fosscuda-2020b/lib/python3.8/site-packages/torch/include/torch/csrc/api/include/torch/data/dataloader/base.h:3,
                 from /cluster/apps/eb/software/PyTorch/1.7.1-fosscuda-2020b/lib/python3.8/site-packages/torch/include/torch/csrc/api/include/torch/data/dataloader/stateful.h:3,
                 from /cluster/apps/eb/software/PyTorch/1.7.1-fosscuda-2020b/lib/python3.8/site-packages/torch/include/torch/csrc/api/include/torch/data/dataloader.h:3,
                 from /cluster/apps/eb/software/PyTorch/1.7.1-fosscuda-2020b/lib/python3.8/site-packages/torch/include/torch/csrc/api/include/torch/data.h:3,
                 from /cluster/apps/eb/software/PyTorch/1.7.1-fosscuda-2020b/lib/python3.8/site-packages/torch/include/torch/csrc/api/include/torch/all.h:8,
                 from /cluster/apps/eb/software/PyTorch/1.7.1-fosscuda-2020b/lib/python3.8/site-packages/torch/include/torch/extension.h:4,
                 from /cluster/home/olesto/code/LargeScaleNeRFPytorch/lib/cuda/adam_upd.cpp:1:
/cluster/home/olesto/code/LargeScaleNeRFPytorch/lib/cuda/adam_upd.cpp:32:42: warning: ‘at::DeprecatedTypeProperties& at::Tensor::type() const’ is deprecated: Tensor.type() is deprecated. Instead use Tensor.options(), which in many cases (e.g. in a constructor) is a drop-in replacement. If you were using data from type(), that is now available from Tensor itself, so instead of tensor.type().scalar_type(), use tensor.scalar_type() instead and instead of tensor.type().backend() use tensor.device(). [-Wdeprecated-declarations]
   32 | #define CHECK_CUDA(x) TORCH_CHECK(x.type().is_cuda(), #x " must be a CUDA tensor")
      |                                          ^
/cluster/home/olesto/code/LargeScaleNeRFPytorch/lib/cuda/adam_upd.cpp:34:24: note: in expansion of macro ‘CHECK_CUDA’
   34 | #define CHECK_INPUT(x) CHECK_CUDA(x); CHECK_CONTIGUOUS(x)
      |                        ^~~~~~~~~~
/cluster/home/olesto/code/LargeScaleNeRFPytorch/lib/cuda/adam_upd.cpp:44:3: note: in expansion of macro ‘CHECK_INPUT’
   44 |   CHECK_INPUT(exp_avg);
      |   ^~~~~~~~~~~
In file included from /cluster/apps/eb/software/PyTorch/1.7.1-fosscuda-2020b/lib/python3.8/site-packages/torch/include/ATen/Tensor.h:3,
                 from /cluster/apps/eb/software/PyTorch/1.7.1-fosscuda-2020b/lib/python3.8/site-packages/torch/include/ATen/Context.h:4,
                 from /cluster/apps/eb/software/PyTorch/1.7.1-fosscuda-2020b/lib/python3.8/site-packages/torch/include/ATen/ATen.h:9,
                 from /cluster/apps/eb/software/PyTorch/1.7.1-fosscuda-2020b/lib/python3.8/site-packages/torch/include/torch/csrc/api/include/torch/types.h:3,
                 from /cluster/apps/eb/software/PyTorch/1.7.1-fosscuda-2020b/lib/python3.8/site-packages/torch/include/torch/csrc/api/include/torch/data/dataloader_options.h:4,
                 from /cluster/apps/eb/software/PyTorch/1.7.1-fosscuda-2020b/lib/python3.8/site-packages/torch/include/torch/csrc/api/include/torch/data/dataloader/base.h:3,
                 from /cluster/apps/eb/software/PyTorch/1.7.1-fosscuda-2020b/lib/python3.8/site-packages/torch/include/torch/csrc/api/include/torch/data/dataloader/stateful.h:3,
                 from /cluster/apps/eb/software/PyTorch/1.7.1-fosscuda-2020b/lib/python3.8/site-packages/torch/include/torch/csrc/api/include/torch/data/dataloader.h:3,
                 from /cluster/apps/eb/software/PyTorch/1.7.1-fosscuda-2020b/lib/python3.8/site-packages/torch/include/torch/csrc/api/include/torch/data.h:3,
                 from /cluster/apps/eb/software/PyTorch/1.7.1-fosscuda-2020b/lib/python3.8/site-packages/torch/include/torch/csrc/api/include/torch/all.h:8,
                 from /cluster/apps/eb/software/PyTorch/1.7.1-fosscuda-2020b/lib/python3.8/site-packages/torch/include/torch/extension.h:4,
                 from /cluster/home/olesto/code/LargeScaleNeRFPytorch/lib/cuda/adam_upd.cpp:1:
/cluster/apps/eb/software/PyTorch/1.7.1-fosscuda-2020b/lib/python3.8/site-packages/torch/include/ATen/core/TensorBody.h:277:30: note: declared here
  277 |   DeprecatedTypeProperties & type() const {
      |                              ^~~~
In file included from /cluster/apps/eb/software/PyTorch/1.7.1-fosscuda-2020b/lib/python3.8/site-packages/torch/include/c10/core/DeviceType.h:8,
                 from /cluster/apps/eb/software/PyTorch/1.7.1-fosscuda-2020b/lib/python3.8/site-packages/torch/include/c10/core/Device.h:3,
                 from /cluster/apps/eb/software/PyTorch/1.7.1-fosscuda-2020b/lib/python3.8/site-packages/torch/include/c10/core/Allocator.h:6,
                 from /cluster/apps/eb/software/PyTorch/1.7.1-fosscuda-2020b/lib/python3.8/site-packages/torch/include/ATen/ATen.h:7,
                 from /cluster/apps/eb/software/PyTorch/1.7.1-fosscuda-2020b/lib/python3.8/site-packages/torch/include/torch/csrc/api/include/torch/types.h:3,
                 from /cluster/apps/eb/software/PyTorch/1.7.1-fosscuda-2020b/lib/python3.8/site-packages/torch/include/torch/csrc/api/include/torch/data/dataloader_options.h:4,
                 from /cluster/apps/eb/software/PyTorch/1.7.1-fosscuda-2020b/lib/python3.8/site-packages/torch/include/torch/csrc/api/include/torch/data/dataloader/base.h:3,
                 from /cluster/apps/eb/software/PyTorch/1.7.1-fosscuda-2020b/lib/python3.8/site-packages/torch/include/torch/csrc/api/include/torch/data/dataloader/stateful.h:3,
                 from /cluster/apps/eb/software/PyTorch/1.7.1-fosscuda-2020b/lib/python3.8/site-packages/torch/include/torch/csrc/api/include/torch/data/dataloader.h:3,
                 from /cluster/apps/eb/software/PyTorch/1.7.1-fosscuda-2020b/lib/python3.8/site-packages/torch/include/torch/csrc/api/include/torch/data.h:3,
                 from /cluster/apps/eb/software/PyTorch/1.7.1-fosscuda-2020b/lib/python3.8/site-packages/torch/include/torch/csrc/api/include/torch/all.h:8,
                 from /cluster/apps/eb/software/PyTorch/1.7.1-fosscuda-2020b/lib/python3.8/site-packages/torch/include/torch/extension.h:4,
                 from /cluster/home/olesto/code/LargeScaleNeRFPytorch/lib/cuda/adam_upd.cpp:1:
/cluster/home/olesto/code/LargeScaleNeRFPytorch/lib/cuda/adam_upd.cpp:32:42: warning: ‘at::DeprecatedTypeProperties& at::Tensor::type() const’ is deprecated: Tensor.type() is deprecated. Instead use Tensor.options(), which in many cases (e.g. in a constructor) is a drop-in replacement. If you were using data from type(), that is now available from Tensor itself, so instead of tensor.type().scalar_type(), use tensor.scalar_type() instead and instead of tensor.type().backend() use tensor.device(). [-Wdeprecated-declarations]
   32 | #define CHECK_CUDA(x) TORCH_CHECK(x.type().is_cuda(), #x " must be a CUDA tensor")
      |                                          ^
/cluster/home/olesto/code/LargeScaleNeRFPytorch/lib/cuda/adam_upd.cpp:34:24: note: in expansion of macro ‘CHECK_CUDA’
   34 | #define CHECK_INPUT(x) CHECK_CUDA(x); CHECK_CONTIGUOUS(x)
      |                        ^~~~~~~~~~
/cluster/home/olesto/code/LargeScaleNeRFPytorch/lib/cuda/adam_upd.cpp:45:3: note: in expansion of macro ‘CHECK_INPUT’
   45 |   CHECK_INPUT(exp_avg_sq);
      |   ^~~~~~~~~~~
In file included from /cluster/apps/eb/software/PyTorch/1.7.1-fosscuda-2020b/lib/python3.8/site-packages/torch/include/ATen/Tensor.h:3,
                 from /cluster/apps/eb/software/PyTorch/1.7.1-fosscuda-2020b/lib/python3.8/site-packages/torch/include/ATen/Context.h:4,
                 from /cluster/apps/eb/software/PyTorch/1.7.1-fosscuda-2020b/lib/python3.8/site-packages/torch/include/ATen/ATen.h:9,
                 from /cluster/apps/eb/software/PyTorch/1.7.1-fosscuda-2020b/lib/python3.8/site-packages/torch/include/torch/csrc/api/include/torch/types.h:3,
                 from /cluster/apps/eb/software/PyTorch/1.7.1-fosscuda-2020b/lib/python3.8/site-packages/torch/include/torch/csrc/api/include/torch/data/dataloader_options.h:4,
                 from /cluster/apps/eb/software/PyTorch/1.7.1-fosscuda-2020b/lib/python3.8/site-packages/torch/include/torch/csrc/api/include/torch/data/dataloader/base.h:3,
                 from /cluster/apps/eb/software/PyTorch/1.7.1-fosscuda-2020b/lib/python3.8/site-packages/torch/include/torch/csrc/api/include/torch/data/dataloader/stateful.h:3,
                 from /cluster/apps/eb/software/PyTorch/1.7.1-fosscuda-2020b/lib/python3.8/site-packages/torch/include/torch/csrc/api/include/torch/data/dataloader.h:3,
                 from /cluster/apps/eb/software/PyTorch/1.7.1-fosscuda-2020b/lib/python3.8/site-packages/torch/include/torch/csrc/api/include/torch/data.h:3,
                 from /cluster/apps/eb/software/PyTorch/1.7.1-fosscuda-2020b/lib/python3.8/site-packages/torch/include/torch/csrc/api/include/torch/all.h:8,
                 from /cluster/apps/eb/software/PyTorch/1.7.1-fosscuda-2020b/lib/python3.8/site-packages/torch/include/torch/extension.h:4,
                 from /cluster/home/olesto/code/LargeScaleNeRFPytorch/lib/cuda/adam_upd.cpp:1:
/cluster/apps/eb/software/PyTorch/1.7.1-fosscuda-2020b/lib/python3.8/site-packages/torch/include/ATen/core/TensorBody.h:277:30: note: declared here
  277 |   DeprecatedTypeProperties & type() const {
      |                              ^~~~
In file included from /cluster/apps/eb/software/PyTorch/1.7.1-fosscuda-2020b/lib/python3.8/site-packages/torch/include/c10/core/DeviceType.h:8,
                 from /cluster/apps/eb/software/PyTorch/1.7.1-fosscuda-2020b/lib/python3.8/site-packages/torch/include/c10/core/Device.h:3,
                 from /cluster/apps/eb/software/PyTorch/1.7.1-fosscuda-2020b/lib/python3.8/site-packages/torch/include/c10/core/Allocator.h:6,
                 from /cluster/apps/eb/software/PyTorch/1.7.1-fosscuda-2020b/lib/python3.8/site-packages/torch/include/ATen/ATen.h:7,
                 from /cluster/apps/eb/software/PyTorch/1.7.1-fosscuda-2020b/lib/python3.8/site-packages/torch/include/torch/csrc/api/include/torch/types.h:3,
                 from /cluster/apps/eb/software/PyTorch/1.7.1-fosscuda-2020b/lib/python3.8/site-packages/torch/include/torch/csrc/api/include/torch/data/dataloader_options.h:4,
                 from /cluster/apps/eb/software/PyTorch/1.7.1-fosscuda-2020b/lib/python3.8/site-packages/torch/include/torch/csrc/api/include/torch/data/dataloader/base.h:3,
                 from /cluster/apps/eb/software/PyTorch/1.7.1-fosscuda-2020b/lib/python3.8/site-packages/torch/include/torch/csrc/api/include/torch/data/dataloader/stateful.h:3,
                 from /cluster/apps/eb/software/PyTorch/1.7.1-fosscuda-2020b/lib/python3.8/site-packages/torch/include/torch/csrc/api/include/torch/data/dataloader.h:3,
                 from /cluster/apps/eb/software/PyTorch/1.7.1-fosscuda-2020b/lib/python3.8/site-packages/torch/include/torch/csrc/api/include/torch/data.h:3,
                 from /cluster/apps/eb/software/PyTorch/1.7.1-fosscuda-2020b/lib/python3.8/site-packages/torch/include/torch/csrc/api/include/torch/all.h:8,
                 from /cluster/apps/eb/software/PyTorch/1.7.1-fosscuda-2020b/lib/python3.8/site-packages/torch/include/torch/extension.h:4,
                 from /cluster/home/olesto/code/LargeScaleNeRFPytorch/lib/cuda/adam_upd.cpp:1:
/cluster/home/olesto/code/LargeScaleNeRFPytorch/lib/cuda/adam_upd.cpp: In function ‘void masked_adam_upd(at::Tensor, at::Tensor, at::Tensor, at::Tensor, int, float, float, float, float)’:
/cluster/home/olesto/code/LargeScaleNeRFPytorch/lib/cuda/adam_upd.cpp:32:42: warning: ‘at::DeprecatedTypeProperties& at::Tensor::type() const’ is deprecated: Tensor.type() is deprecated. Instead use Tensor.options(), which in many cases (e.g. in a constructor) is a drop-in replacement. If you were using data from type(), that is now available from Tensor itself, so instead of tensor.type().scalar_type(), use tensor.scalar_type() instead and instead of tensor.type().backend() use tensor.device(). [-Wdeprecated-declarations]
   32 | #define CHECK_CUDA(x) TORCH_CHECK(x.type().is_cuda(), #x " must be a CUDA tensor")
      |                                          ^
/cluster/home/olesto/code/LargeScaleNeRFPytorch/lib/cuda/adam_upd.cpp:34:24: note: in expansion of macro ‘CHECK_CUDA’
   34 | #define CHECK_INPUT(x) CHECK_CUDA(x); CHECK_CONTIGUOUS(x)
      |                        ^~~~~~~~~~
/cluster/home/olesto/code/LargeScaleNeRFPytorch/lib/cuda/adam_upd.cpp:56:3: note: in expansion of macro ‘CHECK_INPUT’
   56 |   CHECK_INPUT(param);
      |   ^~~~~~~~~~~
In file included from /cluster/apps/eb/software/PyTorch/1.7.1-fosscuda-2020b/lib/python3.8/site-packages/torch/include/ATen/Tensor.h:3,
                 from /cluster/apps/eb/software/PyTorch/1.7.1-fosscuda-2020b/lib/python3.8/site-packages/torch/include/ATen/Context.h:4,
                 from /cluster/apps/eb/software/PyTorch/1.7.1-fosscuda-2020b/lib/python3.8/site-packages/torch/include/ATen/ATen.h:9,
                 from /cluster/apps/eb/software/PyTorch/1.7.1-fosscuda-2020b/lib/python3.8/site-packages/torch/include/torch/csrc/api/include/torch/types.h:3,
                 from /cluster/apps/eb/software/PyTorch/1.7.1-fosscuda-2020b/lib/python3.8/site-packages/torch/include/torch/csrc/api/include/torch/data/dataloader_options.h:4,
                 from /cluster/apps/eb/software/PyTorch/1.7.1-fosscuda-2020b/lib/python3.8/site-packages/torch/include/torch/csrc/api/include/torch/data/dataloader/base.h:3,
                 from /cluster/apps/eb/software/PyTorch/1.7.1-fosscuda-2020b/lib/python3.8/site-packages/torch/include/torch/csrc/api/include/torch/data/dataloader/stateful.h:3,
                 from /cluster/apps/eb/software/PyTorch/1.7.1-fosscuda-2020b/lib/python3.8/site-packages/torch/include/torch/csrc/api/include/torch/data/dataloader.h:3,
                 from /cluster/apps/eb/software/PyTorch/1.7.1-fosscuda-2020b/lib/python3.8/site-packages/torch/include/torch/csrc/api/include/torch/data.h:3,
                 from /cluster/apps/eb/software/PyTorch/1.7.1-fosscuda-2020b/lib/python3.8/site-packages/torch/include/torch/csrc/api/include/torch/all.h:8,
                 from /cluster/apps/eb/software/PyTorch/1.7.1-fosscuda-2020b/lib/python3.8/site-packages/torch/include/torch/extension.h:4,
                 from /cluster/home/olesto/code/LargeScaleNeRFPytorch/lib/cuda/adam_upd.cpp:1:
/cluster/apps/eb/software/PyTorch/1.7.1-fosscuda-2020b/lib/python3.8/site-packages/torch/include/ATen/core/TensorBody.h:277:30: note: declared here
  277 |   DeprecatedTypeProperties & type() const {
      |                              ^~~~
In file included from /cluster/apps/eb/software/PyTorch/1.7.1-fosscuda-2020b/lib/python3.8/site-packages/torch/include/c10/core/DeviceType.h:8,
                 from /cluster/apps/eb/software/PyTorch/1.7.1-fosscuda-2020b/lib/python3.8/site-packages/torch/include/c10/core/Device.h:3,
                 from /cluster/apps/eb/software/PyTorch/1.7.1-fosscuda-2020b/lib/python3.8/site-packages/torch/include/c10/core/Allocator.h:6,
                 from /cluster/apps/eb/software/PyTorch/1.7.1-fosscuda-2020b/lib/python3.8/site-packages/torch/include/ATen/ATen.h:7,
                 from /cluster/apps/eb/software/PyTorch/1.7.1-fosscuda-2020b/lib/python3.8/site-packages/torch/include/torch/csrc/api/include/torch/types.h:3,
                 from /cluster/apps/eb/software/PyTorch/1.7.1-fosscuda-2020b/lib/python3.8/site-packages/torch/include/torch/csrc/api/include/torch/data/dataloader_options.h:4,
                 from /cluster/apps/eb/software/PyTorch/1.7.1-fosscuda-2020b/lib/python3.8/site-packages/torch/include/torch/csrc/api/include/torch/data/dataloader/base.h:3,
                 from /cluster/apps/eb/software/PyTorch/1.7.1-fosscuda-2020b/lib/python3.8/site-packages/torch/include/torch/csrc/api/include/torch/data/dataloader/stateful.h:3,
                 from /cluster/apps/eb/software/PyTorch/1.7.1-fosscuda-2020b/lib/python3.8/site-packages/torch/include/torch/csrc/api/include/torch/data/dataloader.h:3,
                 from /cluster/apps/eb/software/PyTorch/1.7.1-fosscuda-2020b/lib/python3.8/site-packages/torch/include/torch/csrc/api/include/torch/data.h:3,
                 from /cluster/apps/eb/software/PyTorch/1.7.1-fosscuda-2020b/lib/python3.8/site-packages/torch/include/torch/csrc/api/include/torch/all.h:8,
                 from /cluster/apps/eb/software/PyTorch/1.7.1-fosscuda-2020b/lib/python3.8/site-packages/torch/include/torch/extension.h:4,
                 from /cluster/home/olesto/code/LargeScaleNeRFPytorch/lib/cuda/adam_upd.cpp:1:
/cluster/home/olesto/code/LargeScaleNeRFPytorch/lib/cuda/adam_upd.cpp:32:42: warning: ‘at::DeprecatedTypeProperties& at::Tensor::type() const’ is deprecated: Tensor.type() is deprecated. Instead use Tensor.options(), which in many cases (e.g. in a constructor) is a drop-in replacement. If you were using data from type(), that is now available from Tensor itself, so instead of tensor.type().scalar_type(), use tensor.scalar_type() instead and instead of tensor.type().backend() use tensor.device(). [-Wdeprecated-declarations]
   32 | #define CHECK_CUDA(x) TORCH_CHECK(x.type().is_cuda(), #x " must be a CUDA tensor")
      |                                          ^
/cluster/home/olesto/code/LargeScaleNeRFPytorch/lib/cuda/adam_upd.cpp:34:24: note: in expansion of macro ‘CHECK_CUDA’
   34 | #define CHECK_INPUT(x) CHECK_CUDA(x); CHECK_CONTIGUOUS(x)
      |                        ^~~~~~~~~~
/cluster/home/olesto/code/LargeScaleNeRFPytorch/lib/cuda/adam_upd.cpp:57:3: note: in expansion of macro ‘CHECK_INPUT’
   57 |   CHECK_INPUT(grad);
      |   ^~~~~~~~~~~
In file included from /cluster/apps/eb/software/PyTorch/1.7.1-fosscuda-2020b/lib/python3.8/site-packages/torch/include/ATen/Tensor.h:3,
                 from /cluster/apps/eb/software/PyTorch/1.7.1-fosscuda-2020b/lib/python3.8/site-packages/torch/include/ATen/Context.h:4,
                 from /cluster/apps/eb/software/PyTorch/1.7.1-fosscuda-2020b/lib/python3.8/site-packages/torch/include/ATen/ATen.h:9,
                 from /cluster/apps/eb/software/PyTorch/1.7.1-fosscuda-2020b/lib/python3.8/site-packages/torch/include/torch/csrc/api/include/torch/types.h:3,
                 from /cluster/apps/eb/software/PyTorch/1.7.1-fosscuda-2020b/lib/python3.8/site-packages/torch/include/torch/csrc/api/include/torch/data/dataloader_options.h:4,
                 from /cluster/apps/eb/software/PyTorch/1.7.1-fosscuda-2020b/lib/python3.8/site-packages/torch/include/torch/csrc/api/include/torch/data/dataloader/base.h:3,
                 from /cluster/apps/eb/software/PyTorch/1.7.1-fosscuda-2020b/lib/python3.8/site-packages/torch/include/torch/csrc/api/include/torch/data/dataloader/stateful.h:3,
                 from /cluster/apps/eb/software/PyTorch/1.7.1-fosscuda-2020b/lib/python3.8/site-packages/torch/include/torch/csrc/api/include/torch/data/dataloader.h:3,
                 from /cluster/apps/eb/software/PyTorch/1.7.1-fosscuda-2020b/lib/python3.8/site-packages/torch/include/torch/csrc/api/include/torch/data.h:3,
                 from /cluster/apps/eb/software/PyTorch/1.7.1-fosscuda-2020b/lib/python3.8/site-packages/torch/include/torch/csrc/api/include/torch/all.h:8,
                 from /cluster/apps/eb/software/PyTorch/1.7.1-fosscuda-2020b/lib/python3.8/site-packages/torch/include/torch/extension.h:4,
                 from /cluster/home/olesto/code/LargeScaleNeRFPytorch/lib/cuda/adam_upd.cpp:1:
/cluster/apps/eb/software/PyTorch/1.7.1-fosscuda-2020b/lib/python3.8/site-packages/torch/include/ATen/core/TensorBody.h:277:30: note: declared here
  277 |   DeprecatedTypeProperties & type() const {
      |                              ^~~~
In file included from /cluster/apps/eb/software/PyTorch/1.7.1-fosscuda-2020b/lib/python3.8/site-packages/torch/include/c10/core/DeviceType.h:8,
                 from /cluster/apps/eb/software/PyTorch/1.7.1-fosscuda-2020b/lib/python3.8/site-packages/torch/include/c10/core/Device.h:3,
                 from /cluster/apps/eb/software/PyTorch/1.7.1-fosscuda-2020b/lib/python3.8/site-packages/torch/include/c10/core/Allocator.h:6,
                 from /cluster/apps/eb/software/PyTorch/1.7.1-fosscuda-2020b/lib/python3.8/site-packages/torch/include/ATen/ATen.h:7,
                 from /cluster/apps/eb/software/PyTorch/1.7.1-fosscuda-2020b/lib/python3.8/site-packages/torch/include/torch/csrc/api/include/torch/types.h:3,
                 from /cluster/apps/eb/software/PyTorch/1.7.1-fosscuda-2020b/lib/python3.8/site-packages/torch/include/torch/csrc/api/include/torch/data/dataloader_options.h:4,
                 from /cluster/apps/eb/software/PyTorch/1.7.1-fosscuda-2020b/lib/python3.8/site-packages/torch/include/torch/csrc/api/include/torch/data/dataloader/base.h:3,
                 from /cluster/apps/eb/software/PyTorch/1.7.1-fosscuda-2020b/lib/python3.8/site-packages/torch/include/torch/csrc/api/include/torch/data/dataloader/stateful.h:3,
                 from /cluster/apps/eb/software/PyTorch/1.7.1-fosscuda-2020b/lib/python3.8/site-packages/torch/include/torch/csrc/api/include/torch/data/dataloader.h:3,
                 from /cluster/apps/eb/software/PyTorch/1.7.1-fosscuda-2020b/lib/python3.8/site-packages/torch/include/torch/csrc/api/include/torch/data.h:3,
                 from /cluster/apps/eb/software/PyTorch/1.7.1-fosscuda-2020b/lib/python3.8/site-packages/torch/include/torch/csrc/api/include/torch/all.h:8,
                 from /cluster/apps/eb/software/PyTorch/1.7.1-fosscuda-2020b/lib/python3.8/site-packages/torch/include/torch/extension.h:4,
                 from /cluster/home/olesto/code/LargeScaleNeRFPytorch/lib/cuda/adam_upd.cpp:1:
/cluster/home/olesto/code/LargeScaleNeRFPytorch/lib/cuda/adam_upd.cpp:32:42: warning: ‘at::DeprecatedTypeProperties& at::Tensor::type() const’ is deprecated: Tensor.type() is deprecated. Instead use Tensor.options(), which in many cases (e.g. in a constructor) is a drop-in replacement. If you were using data from type(), that is now available from Tensor itself, so instead of tensor.type().scalar_type(), use tensor.scalar_type() instead and instead of tensor.type().backend() use tensor.device(). [-Wdeprecated-declarations]
   32 | #define CHECK_CUDA(x) TORCH_CHECK(x.type().is_cuda(), #x " must be a CUDA tensor")
      |                                          ^
/cluster/home/olesto/code/LargeScaleNeRFPytorch/lib/cuda/adam_upd.cpp:34:24: note: in expansion of macro ‘CHECK_CUDA’
   34 | #define CHECK_INPUT(x) CHECK_CUDA(x); CHECK_CONTIGUOUS(x)
      |                        ^~~~~~~~~~
/cluster/home/olesto/code/LargeScaleNeRFPytorch/lib/cuda/adam_upd.cpp:58:3: note: in expansion of macro ‘CHECK_INPUT’
   58 |   CHECK_INPUT(exp_avg);
      |   ^~~~~~~~~~~
In file included from /cluster/apps/eb/software/PyTorch/1.7.1-fosscuda-2020b/lib/python3.8/site-packages/torch/include/ATen/Tensor.h:3,
                 from /cluster/apps/eb/software/PyTorch/1.7.1-fosscuda-2020b/lib/python3.8/site-packages/torch/include/ATen/Context.h:4,
                 from /cluster/apps/eb/software/PyTorch/1.7.1-fosscuda-2020b/lib/python3.8/site-packages/torch/include/ATen/ATen.h:9,
                 from /cluster/apps/eb/software/PyTorch/1.7.1-fosscuda-2020b/lib/python3.8/site-packages/torch/include/torch/csrc/api/include/torch/types.h:3,
                 from /cluster/apps/eb/software/PyTorch/1.7.1-fosscuda-2020b/lib/python3.8/site-packages/torch/include/torch/csrc/api/include/torch/data/dataloader_options.h:4,
                 from /cluster/apps/eb/software/PyTorch/1.7.1-fosscuda-2020b/lib/python3.8/site-packages/torch/include/torch/csrc/api/include/torch/data/dataloader/base.h:3,
                 from /cluster/apps/eb/software/PyTorch/1.7.1-fosscuda-2020b/lib/python3.8/site-packages/torch/include/torch/csrc/api/include/torch/data/dataloader/stateful.h:3,
                 from /cluster/apps/eb/software/PyTorch/1.7.1-fosscuda-2020b/lib/python3.8/site-packages/torch/include/torch/csrc/api/include/torch/data/dataloader.h:3,
                 from /cluster/apps/eb/software/PyTorch/1.7.1-fosscuda-2020b/lib/python3.8/site-packages/torch/include/torch/csrc/api/include/torch/data.h:3,
                 from /cluster/apps/eb/software/PyTorch/1.7.1-fosscuda-2020b/lib/python3.8/site-packages/torch/include/torch/csrc/api/include/torch/all.h:8,
                 from /cluster/apps/eb/software/PyTorch/1.7.1-fosscuda-2020b/lib/python3.8/site-packages/torch/include/torch/extension.h:4,
                 from /cluster/home/olesto/code/LargeScaleNeRFPytorch/lib/cuda/adam_upd.cpp:1:
/cluster/apps/eb/software/PyTorch/1.7.1-fosscuda-2020b/lib/python3.8/site-packages/torch/include/ATen/core/TensorBody.h:277:30: note: declared here
  277 |   DeprecatedTypeProperties & type() const {
      |                              ^~~~
In file included from /cluster/apps/eb/software/PyTorch/1.7.1-fosscuda-2020b/lib/python3.8/site-packages/torch/include/c10/core/DeviceType.h:8,
                 from /cluster/apps/eb/software/PyTorch/1.7.1-fosscuda-2020b/lib/python3.8/site-packages/torch/include/c10/core/Device.h:3,
                 from /cluster/apps/eb/software/PyTorch/1.7.1-fosscuda-2020b/lib/python3.8/site-packages/torch/include/c10/core/Allocator.h:6,
                 from /cluster/apps/eb/software/PyTorch/1.7.1-fosscuda-2020b/lib/python3.8/site-packages/torch/include/ATen/ATen.h:7,
                 from /cluster/apps/eb/software/PyTorch/1.7.1-fosscuda-2020b/lib/python3.8/site-packages/torch/include/torch/csrc/api/include/torch/types.h:3,
                 from /cluster/apps/eb/software/PyTorch/1.7.1-fosscuda-2020b/lib/python3.8/site-packages/torch/include/torch/csrc/api/include/torch/data/dataloader_options.h:4,
                 from /cluster/apps/eb/software/PyTorch/1.7.1-fosscuda-2020b/lib/python3.8/site-packages/torch/include/torch/csrc/api/include/torch/data/dataloader/base.h:3,
                 from /cluster/apps/eb/software/PyTorch/1.7.1-fosscuda-2020b/lib/python3.8/site-packages/torch/include/torch/csrc/api/include/torch/data/dataloader/stateful.h:3,
                 from /cluster/apps/eb/software/PyTorch/1.7.1-fosscuda-2020b/lib/python3.8/site-packages/torch/include/torch/csrc/api/include/torch/data/dataloader.h:3,
                 from /cluster/apps/eb/software/PyTorch/1.7.1-fosscuda-2020b/lib/python3.8/site-packages/torch/include/torch/csrc/api/include/torch/data.h:3,
                 from /cluster/apps/eb/software/PyTorch/1.7.1-fosscuda-2020b/lib/python3.8/site-packages/torch/include/torch/csrc/api/include/torch/all.h:8,
                 from /cluster/apps/eb/software/PyTorch/1.7.1-fosscuda-2020b/lib/python3.8/site-packages/torch/include/torch/extension.h:4,
                 from /cluster/home/olesto/code/LargeScaleNeRFPytorch/lib/cuda/adam_upd.cpp:1:
/cluster/home/olesto/code/LargeScaleNeRFPytorch/lib/cuda/adam_upd.cpp:32:42: warning: ‘at::DeprecatedTypeProperties& at::Tensor::type() const’ is deprecated: Tensor.type() is deprecated. Instead use Tensor.options(), which in many cases (e.g. in a constructor) is a drop-in replacement. If you were using data from type(), that is now available from Tensor itself, so instead of tensor.type().scalar_type(), use tensor.scalar_type() instead and instead of tensor.type().backend() use tensor.device(). [-Wdeprecated-declarations]
   32 | #define CHECK_CUDA(x) TORCH_CHECK(x.type().is_cuda(), #x " must be a CUDA tensor")
      |                                          ^
/cluster/home/olesto/code/LargeScaleNeRFPytorch/lib/cuda/adam_upd.cpp:34:24: note: in expansion of macro ‘CHECK_CUDA’
   34 | #define CHECK_INPUT(x) CHECK_CUDA(x); CHECK_CONTIGUOUS(x)
      |                        ^~~~~~~~~~
/cluster/home/olesto/code/LargeScaleNeRFPytorch/lib/cuda/adam_upd.cpp:59:3: note: in expansion of macro ‘CHECK_INPUT’
   59 |   CHECK_INPUT(exp_avg_sq);
      |   ^~~~~~~~~~~
In file included from /cluster/apps/eb/software/PyTorch/1.7.1-fosscuda-2020b/lib/python3.8/site-packages/torch/include/ATen/Tensor.h:3,
                 from /cluster/apps/eb/software/PyTorch/1.7.1-fosscuda-2020b/lib/python3.8/site-packages/torch/include/ATen/Context.h:4,
                 from /cluster/apps/eb/software/PyTorch/1.7.1-fosscuda-2020b/lib/python3.8/site-packages/torch/include/ATen/ATen.h:9,
                 from /cluster/apps/eb/software/PyTorch/1.7.1-fosscuda-2020b/lib/python3.8/site-packages/torch/include/torch/csrc/api/include/torch/types.h:3,
                 from /cluster/apps/eb/software/PyTorch/1.7.1-fosscuda-2020b/lib/python3.8/site-packages/torch/include/torch/csrc/api/include/torch/data/dataloader_options.h:4,
                 from /cluster/apps/eb/software/PyTorch/1.7.1-fosscuda-2020b/lib/python3.8/site-packages/torch/include/torch/csrc/api/include/torch/data/dataloader/base.h:3,
                 from /cluster/apps/eb/software/PyTorch/1.7.1-fosscuda-2020b/lib/python3.8/site-packages/torch/include/torch/csrc/api/include/torch/data/dataloader/stateful.h:3,
                 from /cluster/apps/eb/software/PyTorch/1.7.1-fosscuda-2020b/lib/python3.8/site-packages/torch/include/torch/csrc/api/include/torch/data/dataloader.h:3,
                 from /cluster/apps/eb/software/PyTorch/1.7.1-fosscuda-2020b/lib/python3.8/site-packages/torch/include/torch/csrc/api/include/torch/data.h:3,
                 from /cluster/apps/eb/software/PyTorch/1.7.1-fosscuda-2020b/lib/python3.8/site-packages/torch/include/torch/csrc/api/include/torch/all.h:8,
                 from /cluster/apps/eb/software/PyTorch/1.7.1-fosscuda-2020b/lib/python3.8/site-packages/torch/include/torch/extension.h:4,
                 from /cluster/home/olesto/code/LargeScaleNeRFPytorch/lib/cuda/adam_upd.cpp:1:
/cluster/apps/eb/software/PyTorch/1.7.1-fosscuda-2020b/lib/python3.8/site-packages/torch/include/ATen/core/TensorBody.h:277:30: note: declared here
  277 |   DeprecatedTypeProperties & type() const {
      |                              ^~~~
In file included from /cluster/apps/eb/software/PyTorch/1.7.1-fosscuda-2020b/lib/python3.8/site-packages/torch/include/c10/core/DeviceType.h:8,
                 from /cluster/apps/eb/software/PyTorch/1.7.1-fosscuda-2020b/lib/python3.8/site-packages/torch/include/c10/core/Device.h:3,
                 from /cluster/apps/eb/software/PyTorch/1.7.1-fosscuda-2020b/lib/python3.8/site-packages/torch/include/c10/core/Allocator.h:6,
                 from /cluster/apps/eb/software/PyTorch/1.7.1-fosscuda-2020b/lib/python3.8/site-packages/torch/include/ATen/ATen.h:7,
                 from /cluster/apps/eb/software/PyTorch/1.7.1-fosscuda-2020b/lib/python3.8/site-packages/torch/include/torch/csrc/api/include/torch/types.h:3,
                 from /cluster/apps/eb/software/PyTorch/1.7.1-fosscuda-2020b/lib/python3.8/site-packages/torch/include/torch/csrc/api/include/torch/data/dataloader_options.h:4,
                 from /cluster/apps/eb/software/PyTorch/1.7.1-fosscuda-2020b/lib/python3.8/site-packages/torch/include/torch/csrc/api/include/torch/data/dataloader/base.h:3,
                 from /cluster/apps/eb/software/PyTorch/1.7.1-fosscuda-2020b/lib/python3.8/site-packages/torch/include/torch/csrc/api/include/torch/data/dataloader/stateful.h:3,
                 from /cluster/apps/eb/software/PyTorch/1.7.1-fosscuda-2020b/lib/python3.8/site-packages/torch/include/torch/csrc/api/include/torch/data/dataloader.h:3,
                 from /cluster/apps/eb/software/PyTorch/1.7.1-fosscuda-2020b/lib/python3.8/site-packages/torch/include/torch/csrc/api/include/torch/data.h:3,
                 from /cluster/apps/eb/software/PyTorch/1.7.1-fosscuda-2020b/lib/python3.8/site-packages/torch/include/torch/csrc/api/include/torch/all.h:8,
                 from /cluster/apps/eb/software/PyTorch/1.7.1-fosscuda-2020b/lib/python3.8/site-packages/torch/include/torch/extension.h:4,
                 from /cluster/home/olesto/code/LargeScaleNeRFPytorch/lib/cuda/adam_upd.cpp:1:
/cluster/home/olesto/code/LargeScaleNeRFPytorch/lib/cuda/adam_upd.cpp: In function ‘void adam_upd_with_perlr(at::Tensor, at::Tensor, at::Tensor, at::Tensor, at::Tensor, int, float, float, float, float)’:
/cluster/home/olesto/code/LargeScaleNeRFPytorch/lib/cuda/adam_upd.cpp:32:42: warning: ‘at::DeprecatedTypeProperties& at::Tensor::type() const’ is deprecated: Tensor.type() is deprecated. Instead use Tensor.options(), which in many cases (e.g. in a constructor) is a drop-in replacement. If you were using data from type(), that is now available from Tensor itself, so instead of tensor.type().scalar_type(), use tensor.scalar_type() instead and instead of tensor.type().backend() use tensor.device(). [-Wdeprecated-declarations]
   32 | #define CHECK_CUDA(x) TORCH_CHECK(x.type().is_cuda(), #x " must be a CUDA tensor")
      |                                          ^
/cluster/home/olesto/code/LargeScaleNeRFPytorch/lib/cuda/adam_upd.cpp:34:24: note: in expansion of macro ‘CHECK_CUDA’
   34 | #define CHECK_INPUT(x) CHECK_CUDA(x); CHECK_CONTIGUOUS(x)
      |                        ^~~~~~~~~~
/cluster/home/olesto/code/LargeScaleNeRFPytorch/lib/cuda/adam_upd.cpp:71:3: note: in expansion of macro ‘CHECK_INPUT’
   71 |   CHECK_INPUT(param);
      |   ^~~~~~~~~~~
In file included from /cluster/apps/eb/software/PyTorch/1.7.1-fosscuda-2020b/lib/python3.8/site-packages/torch/include/ATen/Tensor.h:3,
                 from /cluster/apps/eb/software/PyTorch/1.7.1-fosscuda-2020b/lib/python3.8/site-packages/torch/include/ATen/Context.h:4,
                 from /cluster/apps/eb/software/PyTorch/1.7.1-fosscuda-2020b/lib/python3.8/site-packages/torch/include/ATen/ATen.h:9,
                 from /cluster/apps/eb/software/PyTorch/1.7.1-fosscuda-2020b/lib/python3.8/site-packages/torch/include/torch/csrc/api/include/torch/types.h:3,
                 from /cluster/apps/eb/software/PyTorch/1.7.1-fosscuda-2020b/lib/python3.8/site-packages/torch/include/torch/csrc/api/include/torch/data/dataloader_options.h:4,
                 from /cluster/apps/eb/software/PyTorch/1.7.1-fosscuda-2020b/lib/python3.8/site-packages/torch/include/torch/csrc/api/include/torch/data/dataloader/base.h:3,
                 from /cluster/apps/eb/software/PyTorch/1.7.1-fosscuda-2020b/lib/python3.8/site-packages/torch/include/torch/csrc/api/include/torch/data/dataloader/stateful.h:3,
                 from /cluster/apps/eb/software/PyTorch/1.7.1-fosscuda-2020b/lib/python3.8/site-packages/torch/include/torch/csrc/api/include/torch/data/dataloader.h:3,
                 from /cluster/apps/eb/software/PyTorch/1.7.1-fosscuda-2020b/lib/python3.8/site-packages/torch/include/torch/csrc/api/include/torch/data.h:3,
                 from /cluster/apps/eb/software/PyTorch/1.7.1-fosscuda-2020b/lib/python3.8/site-packages/torch/include/torch/csrc/api/include/torch/all.h:8,
                 from /cluster/apps/eb/software/PyTorch/1.7.1-fosscuda-2020b/lib/python3.8/site-packages/torch/include/torch/extension.h:4,
                 from /cluster/home/olesto/code/LargeScaleNeRFPytorch/lib/cuda/adam_upd.cpp:1:
/cluster/apps/eb/software/PyTorch/1.7.1-fosscuda-2020b/lib/python3.8/site-packages/torch/include/ATen/core/TensorBody.h:277:30: note: declared here
  277 |   DeprecatedTypeProperties & type() const {
      |                              ^~~~
In file included from /cluster/apps/eb/software/PyTorch/1.7.1-fosscuda-2020b/lib/python3.8/site-packages/torch/include/c10/core/DeviceType.h:8,
                 from /cluster/apps/eb/software/PyTorch/1.7.1-fosscuda-2020b/lib/python3.8/site-packages/torch/include/c10/core/Device.h:3,
                 from /cluster/apps/eb/software/PyTorch/1.7.1-fosscuda-2020b/lib/python3.8/site-packages/torch/include/c10/core/Allocator.h:6,
                 from /cluster/apps/eb/software/PyTorch/1.7.1-fosscuda-2020b/lib/python3.8/site-packages/torch/include/ATen/ATen.h:7,
                 from /cluster/apps/eb/software/PyTorch/1.7.1-fosscuda-2020b/lib/python3.8/site-packages/torch/include/torch/csrc/api/include/torch/types.h:3,
                 from /cluster/apps/eb/software/PyTorch/1.7.1-fosscuda-2020b/lib/python3.8/site-packages/torch/include/torch/csrc/api/include/torch/data/dataloader_options.h:4,
                 from /cluster/apps/eb/software/PyTorch/1.7.1-fosscuda-2020b/lib/python3.8/site-packages/torch/include/torch/csrc/api/include/torch/data/dataloader/base.h:3,
                 from /cluster/apps/eb/software/PyTorch/1.7.1-fosscuda-2020b/lib/python3.8/site-packages/torch/include/torch/csrc/api/include/torch/data/dataloader/stateful.h:3,
                 from /cluster/apps/eb/software/PyTorch/1.7.1-fosscuda-2020b/lib/python3.8/site-packages/torch/include/torch/csrc/api/include/torch/data/dataloader.h:3,
                 from /cluster/apps/eb/software/PyTorch/1.7.1-fosscuda-2020b/lib/python3.8/site-packages/torch/include/torch/csrc/api/include/torch/data.h:3,
                 from /cluster/apps/eb/software/PyTorch/1.7.1-fosscuda-2020b/lib/python3.8/site-packages/torch/include/torch/csrc/api/include/torch/all.h:8,
                 from /cluster/apps/eb/software/PyTorch/1.7.1-fosscuda-2020b/lib/python3.8/site-packages/torch/include/torch/extension.h:4,
                 from /cluster/home/olesto/code/LargeScaleNeRFPytorch/lib/cuda/adam_upd.cpp:1:
/cluster/home/olesto/code/LargeScaleNeRFPytorch/lib/cuda/adam_upd.cpp:32:42: warning: ‘at::DeprecatedTypeProperties& at::Tensor::type() const’ is deprecated: Tensor.type() is deprecated. Instead use Tensor.options(), which in many cases (e.g. in a constructor) is a drop-in replacement. If you were using data from type(), that is now available from Tensor itself, so instead of tensor.type().scalar_type(), use tensor.scalar_type() instead and instead of tensor.type().backend() use tensor.device(). [-Wdeprecated-declarations]
   32 | #define CHECK_CUDA(x) TORCH_CHECK(x.type().is_cuda(), #x " must be a CUDA tensor")
      |                                          ^
/cluster/home/olesto/code/LargeScaleNeRFPytorch/lib/cuda/adam_upd.cpp:34:24: note: in expansion of macro ‘CHECK_CUDA’
   34 | #define CHECK_INPUT(x) CHECK_CUDA(x); CHECK_CONTIGUOUS(x)
      |                        ^~~~~~~~~~
/cluster/home/olesto/code/LargeScaleNeRFPytorch/lib/cuda/adam_upd.cpp:72:3: note: in expansion of macro ‘CHECK_INPUT’
   72 |   CHECK_INPUT(grad);
      |   ^~~~~~~~~~~
In file included from /cluster/apps/eb/software/PyTorch/1.7.1-fosscuda-2020b/lib/python3.8/site-packages/torch/include/ATen/Tensor.h:3,
                 from /cluster/apps/eb/software/PyTorch/1.7.1-fosscuda-2020b/lib/python3.8/site-packages/torch/include/ATen/Context.h:4,
                 from /cluster/apps/eb/software/PyTorch/1.7.1-fosscuda-2020b/lib/python3.8/site-packages/torch/include/ATen/ATen.h:9,
                 from /cluster/apps/eb/software/PyTorch/1.7.1-fosscuda-2020b/lib/python3.8/site-packages/torch/include/torch/csrc/api/include/torch/types.h:3,
                 from /cluster/apps/eb/software/PyTorch/1.7.1-fosscuda-2020b/lib/python3.8/site-packages/torch/include/torch/csrc/api/include/torch/data/dataloader_options.h:4,
                 from /cluster/apps/eb/software/PyTorch/1.7.1-fosscuda-2020b/lib/python3.8/site-packages/torch/include/torch/csrc/api/include/torch/data/dataloader/base.h:3,
                 from /cluster/apps/eb/software/PyTorch/1.7.1-fosscuda-2020b/lib/python3.8/site-packages/torch/include/torch/csrc/api/include/torch/data/dataloader/stateful.h:3,
                 from /cluster/apps/eb/software/PyTorch/1.7.1-fosscuda-2020b/lib/python3.8/site-packages/torch/include/torch/csrc/api/include/torch/data/dataloader.h:3,
                 from /cluster/apps/eb/software/PyTorch/1.7.1-fosscuda-2020b/lib/python3.8/site-packages/torch/include/torch/csrc/api/include/torch/data.h:3,
                 from /cluster/apps/eb/software/PyTorch/1.7.1-fosscuda-2020b/lib/python3.8/site-packages/torch/include/torch/csrc/api/include/torch/all.h:8,
                 from /cluster/apps/eb/software/PyTorch/1.7.1-fosscuda-2020b/lib/python3.8/site-packages/torch/include/torch/extension.h:4,
                 from /cluster/home/olesto/code/LargeScaleNeRFPytorch/lib/cuda/adam_upd.cpp:1:
/cluster/apps/eb/software/PyTorch/1.7.1-fosscuda-2020b/lib/python3.8/site-packages/torch/include/ATen/core/TensorBody.h:277:30: note: declared here
  277 |   DeprecatedTypeProperties & type() const {
      |                              ^~~~
In file included from /cluster/apps/eb/software/PyTorch/1.7.1-fosscuda-2020b/lib/python3.8/site-packages/torch/include/c10/core/DeviceType.h:8,
                 from /cluster/apps/eb/software/PyTorch/1.7.1-fosscuda-2020b/lib/python3.8/site-packages/torch/include/c10/core/Device.h:3,
                 from /cluster/apps/eb/software/PyTorch/1.7.1-fosscuda-2020b/lib/python3.8/site-packages/torch/include/c10/core/Allocator.h:6,
                 from /cluster/apps/eb/software/PyTorch/1.7.1-fosscuda-2020b/lib/python3.8/site-packages/torch/include/ATen/ATen.h:7,
                 from /cluster/apps/eb/software/PyTorch/1.7.1-fosscuda-2020b/lib/python3.8/site-packages/torch/include/torch/csrc/api/include/torch/types.h:3,
                 from /cluster/apps/eb/software/PyTorch/1.7.1-fosscuda-2020b/lib/python3.8/site-packages/torch/include/torch/csrc/api/include/torch/data/dataloader_options.h:4,
                 from /cluster/apps/eb/software/PyTorch/1.7.1-fosscuda-2020b/lib/python3.8/site-packages/torch/include/torch/csrc/api/include/torch/data/dataloader/base.h:3,
                 from /cluster/apps/eb/software/PyTorch/1.7.1-fosscuda-2020b/lib/python3.8/site-packages/torch/include/torch/csrc/api/include/torch/data/dataloader/stateful.h:3,
                 from /cluster/apps/eb/software/PyTorch/1.7.1-fosscuda-2020b/lib/python3.8/site-packages/torch/include/torch/csrc/api/include/torch/data/dataloader.h:3,
                 from /cluster/apps/eb/software/PyTorch/1.7.1-fosscuda-2020b/lib/python3.8/site-packages/torch/include/torch/csrc/api/include/torch/data.h:3,
                 from /cluster/apps/eb/software/PyTorch/1.7.1-fosscuda-2020b/lib/python3.8/site-packages/torch/include/torch/csrc/api/include/torch/all.h:8,
                 from /cluster/apps/eb/software/PyTorch/1.7.1-fosscuda-2020b/lib/python3.8/site-packages/torch/include/torch/extension.h:4,
                 from /cluster/home/olesto/code/LargeScaleNeRFPytorch/lib/cuda/adam_upd.cpp:1:
/cluster/home/olesto/code/LargeScaleNeRFPytorch/lib/cuda/adam_upd.cpp:32:42: warning: ‘at::DeprecatedTypeProperties& at::Tensor::type() const’ is deprecated: Tensor.type() is deprecated. Instead use Tensor.options(), which in many cases (e.g. in a constructor) is a drop-in replacement. If you were using data from type(), that is now available from Tensor itself, so instead of tensor.type().scalar_type(), use tensor.scalar_type() instead and instead of tensor.type().backend() use tensor.device(). [-Wdeprecated-declarations]
   32 | #define CHECK_CUDA(x) TORCH_CHECK(x.type().is_cuda(), #x " must be a CUDA tensor")
      |                                          ^
/cluster/home/olesto/code/LargeScaleNeRFPytorch/lib/cuda/adam_upd.cpp:34:24: note: in expansion of macro ‘CHECK_CUDA’
   34 | #define CHECK_INPUT(x) CHECK_CUDA(x); CHECK_CONTIGUOUS(x)
      |                        ^~~~~~~~~~
/cluster/home/olesto/code/LargeScaleNeRFPytorch/lib/cuda/adam_upd.cpp:73:3: note: in expansion of macro ‘CHECK_INPUT’
   73 |   CHECK_INPUT(exp_avg);
      |   ^~~~~~~~~~~
In file included from /cluster/apps/eb/software/PyTorch/1.7.1-fosscuda-2020b/lib/python3.8/site-packages/torch/include/ATen/Tensor.h:3,
                 from /cluster/apps/eb/software/PyTorch/1.7.1-fosscuda-2020b/lib/python3.8/site-packages/torch/include/ATen/Context.h:4,
                 from /cluster/apps/eb/software/PyTorch/1.7.1-fosscuda-2020b/lib/python3.8/site-packages/torch/include/ATen/ATen.h:9,
                 from /cluster/apps/eb/software/PyTorch/1.7.1-fosscuda-2020b/lib/python3.8/site-packages/torch/include/torch/csrc/api/include/torch/types.h:3,
                 from /cluster/apps/eb/software/PyTorch/1.7.1-fosscuda-2020b/lib/python3.8/site-packages/torch/include/torch/csrc/api/include/torch/data/dataloader_options.h:4,
                 from /cluster/apps/eb/software/PyTorch/1.7.1-fosscuda-2020b/lib/python3.8/site-packages/torch/include/torch/csrc/api/include/torch/data/dataloader/base.h:3,
                 from /cluster/apps/eb/software/PyTorch/1.7.1-fosscuda-2020b/lib/python3.8/site-packages/torch/include/torch/csrc/api/include/torch/data/dataloader/stateful.h:3,
                 from /cluster/apps/eb/software/PyTorch/1.7.1-fosscuda-2020b/lib/python3.8/site-packages/torch/include/torch/csrc/api/include/torch/data/dataloader.h:3,
                 from /cluster/apps/eb/software/PyTorch/1.7.1-fosscuda-2020b/lib/python3.8/site-packages/torch/include/torch/csrc/api/include/torch/data.h:3,
                 from /cluster/apps/eb/software/PyTorch/1.7.1-fosscuda-2020b/lib/python3.8/site-packages/torch/include/torch/csrc/api/include/torch/all.h:8,
                 from /cluster/apps/eb/software/PyTorch/1.7.1-fosscuda-2020b/lib/python3.8/site-packages/torch/include/torch/extension.h:4,
                 from /cluster/home/olesto/code/LargeScaleNeRFPytorch/lib/cuda/adam_upd.cpp:1:
/cluster/apps/eb/software/PyTorch/1.7.1-fosscuda-2020b/lib/python3.8/site-packages/torch/include/ATen/core/TensorBody.h:277:30: note: declared here
  277 |   DeprecatedTypeProperties & type() const {
      |                              ^~~~
In file included from /cluster/apps/eb/software/PyTorch/1.7.1-fosscuda-2020b/lib/python3.8/site-packages/torch/include/c10/core/DeviceType.h:8,
                 from /cluster/apps/eb/software/PyTorch/1.7.1-fosscuda-2020b/lib/python3.8/site-packages/torch/include/c10/core/Device.h:3,
                 from /cluster/apps/eb/software/PyTorch/1.7.1-fosscuda-2020b/lib/python3.8/site-packages/torch/include/c10/core/Allocator.h:6,
                 from /cluster/apps/eb/software/PyTorch/1.7.1-fosscuda-2020b/lib/python3.8/site-packages/torch/include/ATen/ATen.h:7,
                 from /cluster/apps/eb/software/PyTorch/1.7.1-fosscuda-2020b/lib/python3.8/site-packages/torch/include/torch/csrc/api/include/torch/types.h:3,
                 from /cluster/apps/eb/software/PyTorch/1.7.1-fosscuda-2020b/lib/python3.8/site-packages/torch/include/torch/csrc/api/include/torch/data/dataloader_options.h:4,
                 from /cluster/apps/eb/software/PyTorch/1.7.1-fosscuda-2020b/lib/python3.8/site-packages/torch/include/torch/csrc/api/include/torch/data/dataloader/base.h:3,
                 from /cluster/apps/eb/software/PyTorch/1.7.1-fosscuda-2020b/lib/python3.8/site-packages/torch/include/torch/csrc/api/include/torch/data/dataloader/stateful.h:3,
                 from /cluster/apps/eb/software/PyTorch/1.7.1-fosscuda-2020b/lib/python3.8/site-packages/torch/include/torch/csrc/api/include/torch/data/dataloader.h:3,
                 from /cluster/apps/eb/software/PyTorch/1.7.1-fosscuda-2020b/lib/python3.8/site-packages/torch/include/torch/csrc/api/include/torch/data.h:3,
                 from /cluster/apps/eb/software/PyTorch/1.7.1-fosscuda-2020b/lib/python3.8/site-packages/torch/include/torch/csrc/api/include/torch/all.h:8,
                 from /cluster/apps/eb/software/PyTorch/1.7.1-fosscuda-2020b/lib/python3.8/site-packages/torch/include/torch/extension.h:4,
                 from /cluster/home/olesto/code/LargeScaleNeRFPytorch/lib/cuda/adam_upd.cpp:1:
/cluster/home/olesto/code/LargeScaleNeRFPytorch/lib/cuda/adam_upd.cpp:32:42: warning: ‘at::DeprecatedTypeProperties& at::Tensor::type() const’ is deprecated: Tensor.type() is deprecated. Instead use Tensor.options(), which in many cases (e.g. in a constructor) is a drop-in replacement. If you were using data from type(), that is now available from Tensor itself, so instead of tensor.type().scalar_type(), use tensor.scalar_type() instead and instead of tensor.type().backend() use tensor.device(). [-Wdeprecated-declarations]
   32 | #define CHECK_CUDA(x) TORCH_CHECK(x.type().is_cuda(), #x " must be a CUDA tensor")
      |                                          ^
/cluster/home/olesto/code/LargeScaleNeRFPytorch/lib/cuda/adam_upd.cpp:34:24: note: in expansion of macro ‘CHECK_CUDA’
   34 | #define CHECK_INPUT(x) CHECK_CUDA(x); CHECK_CONTIGUOUS(x)
      |                        ^~~~~~~~~~
/cluster/home/olesto/code/LargeScaleNeRFPytorch/lib/cuda/adam_upd.cpp:74:3: note: in expansion of macro ‘CHECK_INPUT’
   74 |   CHECK_INPUT(exp_avg_sq);
      |   ^~~~~~~~~~~
In file included from /cluster/apps/eb/software/PyTorch/1.7.1-fosscuda-2020b/lib/python3.8/site-packages/torch/include/ATen/Tensor.h:3,
                 from /cluster/apps/eb/software/PyTorch/1.7.1-fosscuda-2020b/lib/python3.8/site-packages/torch/include/ATen/Context.h:4,
                 from /cluster/apps/eb/software/PyTorch/1.7.1-fosscuda-2020b/lib/python3.8/site-packages/torch/include/ATen/ATen.h:9,
                 from /cluster/apps/eb/software/PyTorch/1.7.1-fosscuda-2020b/lib/python3.8/site-packages/torch/include/torch/csrc/api/include/torch/types.h:3,
                 from /cluster/apps/eb/software/PyTorch/1.7.1-fosscuda-2020b/lib/python3.8/site-packages/torch/include/torch/csrc/api/include/torch/data/dataloader_options.h:4,
                 from /cluster/apps/eb/software/PyTorch/1.7.1-fosscuda-2020b/lib/python3.8/site-packages/torch/include/torch/csrc/api/include/torch/data/dataloader/base.h:3,
                 from /cluster/apps/eb/software/PyTorch/1.7.1-fosscuda-2020b/lib/python3.8/site-packages/torch/include/torch/csrc/api/include/torch/data/dataloader/stateful.h:3,
                 from /cluster/apps/eb/software/PyTorch/1.7.1-fosscuda-2020b/lib/python3.8/site-packages/torch/include/torch/csrc/api/include/torch/data/dataloader.h:3,
                 from /cluster/apps/eb/software/PyTorch/1.7.1-fosscuda-2020b/lib/python3.8/site-packages/torch/include/torch/csrc/api/include/torch/data.h:3,
                 from /cluster/apps/eb/software/PyTorch/1.7.1-fosscuda-2020b/lib/python3.8/site-packages/torch/include/torch/csrc/api/include/torch/all.h:8,
                 from /cluster/apps/eb/software/PyTorch/1.7.1-fosscuda-2020b/lib/python3.8/site-packages/torch/include/torch/extension.h:4,
                 from /cluster/home/olesto/code/LargeScaleNeRFPytorch/lib/cuda/adam_upd.cpp:1:
/cluster/apps/eb/software/PyTorch/1.7.1-fosscuda-2020b/lib/python3.8/site-packages/torch/include/ATen/core/TensorBody.h:277:30: note: declared here
  277 |   DeprecatedTypeProperties & type() const {
      |                              ^~~~
[2/3] /cluster/apps/eb/software/CUDAcore/11.1.1/bin/nvcc -DTORCH_EXTENSION_NAME=adam_upd_cuda -DTORCH_API_INCLUDE_EXTENSION_H -DPYBIND11_COMPILER_TYPE=\"_gcc\" -DPYBIND11_STDLIB=\"_libstdcpp\" -DPYBIND11_BUILD_ABI=\"_cxxabi1014\" -isystem /cluster/apps/eb/software/PyTorch/1.7.1-fosscuda-2020b/lib/python3.8/site-packages/torch/include -isystem /cluster/apps/eb/software/PyTorch/1.7.1-fosscuda-2020b/lib/python3.8/site-packages/torch/include/torch/csrc/api/include -isystem /cluster/apps/eb/software/PyTorch/1.7.1-fosscuda-2020b/lib/python3.8/site-packages/torch/include/TH -isystem /cluster/apps/eb/software/PyTorch/1.7.1-fosscuda-2020b/lib/python3.8/site-packages/torch/include/THC -isystem /cluster/apps/eb/software/CUDAcore/11.1.1/include -isystem /cluster/apps/eb/software/Python/3.8.6-GCCcore-10.2.0/include/python3.8 -D_GLIBCXX_USE_CXX11_ABI=1 -D__CUDA_NO_HALF_OPERATORS__ -D__CUDA_NO_HALF_CONVERSIONS__ -D__CUDA_NO_HALF2_OPERATORS__ --expt-relaxed-constexpr -gencode=arch=compute_60,code=sm_60 --compiler-options '-fPIC' -std=c++14 -c /cluster/home/olesto/code/LargeScaleNeRFPytorch/lib/cuda/adam_upd_kernel.cu -o adam_upd_kernel.cuda.o 
[3/3] c++ adam_upd.o adam_upd_kernel.cuda.o -shared -L/cluster/apps/eb/software/PyTorch/1.7.1-fosscuda-2020b/lib/python3.8/site-packages/torch/lib -lc10 -lc10_cuda -ltorch_cpu -ltorch_cuda -ltorch -ltorch_python -L/cluster/apps/eb/software/CUDAcore/11.1.1/lib64 -lcudart -o adam_upd_cuda.so
Loading extension module adam_upd_cuda...
Traceback (most recent call last):
  File "run.py", line 13, in <module>
    from lib import utils, dvgo, dcvgo, dmpigo
  File "/cluster/home/olesto/code/LargeScaleNeRFPytorch/lib/dvgo.py", line 10, in <module>
    from torch_scatter import segment_coo
ModuleNotFoundError: No module named 'torch_scatter'
